<?xml version="1.0" encoding="UTF-8"?>
<robot generator="Robot 3.1.2 (Python 3.6.5 on win32)" generated="20200814 09:23:41.080" rpa="false">
<suite id="s1" name="Tc" source="D:\a-testPython\spj01\tc">
<suite id="s1-s1" name="D-空白数据" source="D:\a-testPython\spj01\tc\d-空白数据">
<kw name="Delete All School Classes" library="pylib.SchoolClassLib" type="setup">
<msg timestamp="20200814 09:23:41.415" level="INFO">{'gradeid': None, 'retcode': 0, 'retlist': []}
{'gradeid': None, 'retcode': 0, 'retlist': []}
{'gradeid': None, 'retcode': 0, 'retlist': []}
{'gradeid': None, 'retcode': 0, 'retlist': []}</msg>
<status status="PASS" starttime="20200814 09:23:41.235" endtime="20200814 09:23:41.415"></status>
</kw>
<suite id="s1-s1-s1" name="D-7年级1班" source="D:\a-testPython\spj01\tc\d-空白数据\d-7年级1班">
<kw name="Add School Class" library="pylib.SchoolClassLib" type="setup">
<arguments>
<arg>1</arg>
<arg>1班</arg>
<arg>60</arg>
</arguments>
<msg timestamp="20200814 09:23:41.521" level="INFO">{'id': 455050, 'invitecode': '4550502016350', 'retcode': 0}</msg>
<status status="PASS" starttime="20200814 09:23:41.419" endtime="20200814 09:23:41.521"></status>
</kw>
<suite id="s1-s1-s1-s1" name="班级管理" source="D:\a-testPython\spj01\tc\d-空白数据\d-7年级1班\班级管理.robot">
<test id="s1-s1-s1-s1-t1" name="添加班级22 - tc0000022">
<kw name="Setup" library="C000002" type="setup">
<status status="PASS" starttime="20200814 09:23:41.531" endtime="20200814 09:23:41.531"></status>
</kw>
<kw name="Steps" library="C000002">
<msg timestamp="20200814 09:23:41.720" level="INFO">occur 1 times</msg>
<msg timestamp="20200814 09:23:41.720" level="INFO">***** step 1 ****  添加 7年级2班 

{'id': 455051, 'invitecode': '4550515367451', 'retcode': 0}


***** step 2 ****  列出班级，检验一下

{ 'gradeid': 1,
  'retcode': 0,
  'retlist': [ { 'grade__name': '七年级',
                 'id': 455050,
                 'invitecode': '4550502016350',
                 'name': '1班',
                 'studentlimit': 60,
                 'studentnumber': 0,
                 'teacherlist': []},
               { 'grade__name': '七年级',
                 'id': 455051,
                 'invitecode': '4550515367451',
                 'name': '2班',
                 'studentlimit': 60,
                 'studentnumber': 0,
                 'teacherlist': []}]}</msg>
<status status="PASS" starttime="20200814 09:23:41.532" endtime="20200814 09:23:41.721"></status>
</kw>
<kw name="Teardown" library="C000002" type="teardown">
<msg timestamp="20200814 09:23:41.822" level="INFO">{'retcode': 0}</msg>
<status status="PASS" starttime="20200814 09:23:41.721" endtime="20200814 09:23:41.822"></status>
</kw>
<status status="PASS" starttime="20200814 09:23:41.529" endtime="20200814 09:23:41.822" critical="yes"></status>
</test>
<test id="s1-s1-s1-s1-t2" name="添加班级33 - tc0000033">
<kw name="Setup" library="C000003" type="setup">
<status status="PASS" starttime="20200814 09:23:41.826" endtime="20200814 09:23:41.826"></status>
</kw>
<kw name="Steps" library="C000003">
<msg timestamp="20200814 09:23:41.921" level="INFO">***** step 1 ****  添加 7年级1班 

{ 'reason': 'Traceback (most recent call last):\n'
            '  File '
            '"/home/yjyx/yijiao_src/yijiao_main/services/datamodel/schoolclass/models.py", '
            'line 542, in addClass\n'
            '    school_class = '
            'self._addClass(name,schoolid,gradeid,studentlimit)\n'
            '  File '
            '"/home/yjyx/yijiao_src/yijiao_main/services/datamodel/schoolclass/models.py", '
            'line 531, in _addClass\n'
            '    school_class.save()\n'
            '  File '
            '"/usr/local/lib/python2.7/site-packages/django/db/models/base.py", '
            'line 710, in save\n'
            '    force_update=force_update, update_fields=update_fields)\n'
            '  File '
            '"/usr/local/lib/python2.7/site-packages/django/db/models/base.py", '
            'line 738, in save_base\n'
            '    updated = self._save_table(raw, cls, force_insert, '
            'force_update, using, update_fields)\n'
            '  File '
            '"/usr/local/lib/python2.7/site-packages/django/db/models/base.py", '
            'line 822, in _save_table\n'
            '    result = self._do_insert(cls._base_manager, using, fields, '
            'update_pk, raw)\n'
            '  File '
            '"/usr/local/lib/python2.7/site-packages/django/db/models/base.py", '
            'line 861, in _do_insert\n'
            '    using=using, raw=raw)\n'
            '  File '
            '"/usr/local/lib/python2.7/site-packages/django/db/models/manager.py", '
            'line 127, in manager_method\n'
            '    return getattr(self.get_queryset(), name)(*args, **kwargs)\n'
            '  File '
            '"/usr/local/lib/python2.7/site-packages/django/db/models/query.py", '
            'line 920, in _insert\n'
            '    return '
            'query.get_compiler(using=using).execute_sql(return_id)\n'
            '  File '
            '"/usr/local/lib/python2.7/site-packages/django/db/models/sql/compiler.py", '
            'line 974, in execute_sql\n'
            '    cursor.execute(sql, params)\n'
            '  File '
            '"/usr/local/lib/python2.7/site-packages/django/db/backends/utils.py", '
            'line 64, in execute\n'
            '    return self.cursor.execute(sql, params)\n'
            '  File '
            '"/usr/local/lib/python2.7/site-packages/django/db/utils.py", line '
            '97, in __exit__\n'
            '    six.reraise(dj_exc_type, dj_exc_value, traceback)\n'
            '  File '
            '"/usr/local/lib/python2.7/site-packages/django/db/backends/utils.py", '
            'line 64, in execute\n'
            '    return self.cursor.execute(sql, params)\n'
            '  File '
            '"/usr/local/lib/python2.7/site-packages/django/db/backends/mysql/base.py", '
            'line 124, in execute\n'
            '    return self.cursor.execute(query, args)\n'
            '  File '
            '"/usr/local/lib/python2.7/site-packages/MySQLdb/cursors.py", line '
            '205, in execute\n'
            '    self.errorhandler(self, exc, value)\n'
            '  File '
            '"/usr/local/lib/python2.7/site-packages/MySQLdb/connections.py", '
            'line 36, in defaulterrorhandler\n'
            '    raise errorclass, errorvalue\n'
            'IntegrityError: (1062, "Duplicate entry '
            '\'1\\xe7\\x8f\\xad-1098-1\' for key \'name\'")\n',
  'retcode': 1}
Traceback (most recent call last):
  File "/home/yjyx/yijiao_src/yijiao_main/services/datamodel/schoolclass/models.py", line 542, in addClass
    school_class = self._addClass(name,schoolid,gradeid,studentlimit)
  File "/home/yjyx/yijiao_src/yijiao_main/services/datamodel/schoolclass/models.py", line 531, in _addClass
    school_class.save()
  File "/usr/local/lib/python2.7/site-packages/django/db/models/base.py", line 710, in save
    force_update=force_update, update_fields=update_fields)
  File "/usr/local/lib/python2.7/site-packages/django/db/models/base.py", line 738, in save_base
    updated = self._save_table(raw, cls, force_insert, force_update, using, update_fields)
  File "/usr/local/lib/python2.7/site-packages/django/db/models/base.py", line 822, in _save_table
    result = self._do_insert(cls._base_manager, using, fields, update_pk, raw)
  File "/usr/local/lib/python2.7/site-packages/django/db/models/base.py", line 861, in _do_insert
    using=using, raw=raw)
  File "/usr/local/lib/python2.7/site-packages/django/db/models/manager.py", line 127, in manager_method
    return getattr(self.get_queryset(), name)(*args, **kwargs)
  File "/usr/local/lib/python2.7/site-packages/django/db/models/query.py", line 920, in _insert
    return query.get_compiler(using=using).execute_sql(return_id)
  File "/usr/local/lib/python2.7/site-packages/django/db/models/sql/compiler.py", line 974, in execute_sql
    cursor.execute(sql, params)
  File "/usr/local/lib/python2.7/site-packages/django/db/backends/utils.py", line 64, in execute
    return self.cursor.execute(sql, params)
  File "/usr/local/lib/python2.7/site-packages/django/db/utils.py", line 97, in __exit__
    six.reraise(dj_exc_type, dj_exc_value, traceback)
  File "/usr/local/lib/python2.7/site-packages/django/db/backends/utils.py", line 64, in execute
    return self.cursor.execute(sql, params)
  File "/usr/local/lib/python2.7/site-packages/django/db/backends/mysql/base.py", line 124, in execute
    return self.cursor.execute(query, args)
  File "/usr/local/lib/python2.7/site-packages/MySQLdb/cursors.py", line 205, in execute
    self.errorhandler(self, exc, value)
  File "/usr/local/lib/python2.7/site-packages/MySQLdb/connections.py", line 36, in defaulterrorhandler
    raise errorclass, errorvalue
IntegrityError: (1062, "Duplicate entry '1\xe7\x8f\xad-1098-1' for key 'name'")</msg>
<msg timestamp="20200814 09:23:41.922" level="FAIL">错误原因名称不正确</msg>
<status status="FAIL" starttime="20200814 09:23:41.826" endtime="20200814 09:23:41.922"></status>
</kw>
<kw name="Teardown" library="C000003" type="teardown">
<status status="PASS" starttime="20200814 09:23:41.923" endtime="20200814 09:23:41.923"></status>
</kw>
<status status="FAIL" starttime="20200814 09:23:41.824" endtime="20200814 09:23:41.924" critical="yes">错误原因名称不正确</status>
</test>
<status status="FAIL" starttime="20200814 09:23:41.521" endtime="20200814 09:23:41.925"></status>
</suite>
<status status="FAIL" starttime="20200814 09:23:41.415" endtime="20200814 09:23:41.929"></status>
</suite>
<suite id="s1-s1-s2" name="添加班级" source="D:\a-testPython\spj01\tc\d-空白数据\添加班级.robot">
<test id="s1-s1-s2-t1" name="添加班级11 - tc0000011">
<kw name="Setup" library="C000001" type="setup">
<status status="PASS" starttime="20200814 09:23:41.939" endtime="20200814 09:23:41.939"></status>
</kw>
<kw name="Steps" library="C000001">
<msg timestamp="20200814 09:23:42.022" level="INFO">***** step 1 ****  添加 7年级1班 

{ 'reason': 'Traceback (most recent call last):\n'
            '  File '
            '"/home/yjyx/yijiao_src/yijiao_main/services/datamodel/schoolclass/models.py", '
            'line 542, in addClass\n'
            '    school_class = '
            'self._addClass(name,schoolid,gradeid,studentlimit)\n'
            '  File '
            '"/home/yjyx/yijiao_src/yijiao_main/services/datamodel/schoolclass/models.py", '
            'line 531, in _addClass\n'
            '    school_class.save()\n'
            '  File '
            '"/usr/local/lib/python2.7/site-packages/django/db/models/base.py", '
            'line 710, in save\n'
            '    force_update=force_update, update_fields=update_fields)\n'
            '  File '
            '"/usr/local/lib/python2.7/site-packages/django/db/models/base.py", '
            'line 738, in save_base\n'
            '    updated = self._save_table(raw, cls, force_insert, '
            'force_update, using, update_fields)\n'
            '  File '
            '"/usr/local/lib/python2.7/site-packages/django/db/models/base.py", '
            'line 822, in _save_table\n'
            '    result = self._do_insert(cls._base_manager, using, fields, '
            'update_pk, raw)\n'
            '  File '
            '"/usr/local/lib/python2.7/site-packages/django/db/models/base.py", '
            'line 861, in _do_insert\n'
            '    using=using, raw=raw)\n'
            '  File '
            '"/usr/local/lib/python2.7/site-packages/django/db/models/manager.py", '
            'line 127, in manager_method\n'
            '    return getattr(self.get_queryset(), name)(*args, **kwargs)\n'
            '  File '
            '"/usr/local/lib/python2.7/site-packages/django/db/models/query.py", '
            'line 920, in _insert\n'
            '    return '
            'query.get_compiler(using=using).execute_sql(return_id)\n'
            '  File '
            '"/usr/local/lib/python2.7/site-packages/django/db/models/sql/compiler.py", '
            'line 974, in execute_sql\n'
            '    cursor.execute(sql, params)\n'
            '  File '
            '"/usr/local/lib/python2.7/site-packages/django/db/backends/utils.py", '
            'line 64, in execute\n'
            '    return self.cursor.execute(sql, params)\n'
            '  File '
            '"/usr/local/lib/python2.7/site-packages/django/db/utils.py", line '
            '97, in __exit__\n'
            '    six.reraise(dj_exc_type, dj_exc_value, traceback)\n'
            '  File '
            '"/usr/local/lib/python2.7/site-packages/django/db/backends/utils.py", '
            'line 64, in execute\n'
            '    return self.cursor.execute(sql, params)\n'
            '  File '
            '"/usr/local/lib/python2.7/site-packages/django/db/backends/mysql/base.py", '
            'line 124, in execute\n'
            '    return self.cursor.execute(query, args)\n'
            '  File '
            '"/usr/local/lib/python2.7/site-packages/MySQLdb/cursors.py", line '
            '205, in execute\n'
            '    self.errorhandler(self, exc, value)\n'
            '  File '
            '"/usr/local/lib/python2.7/site-packages/MySQLdb/connections.py", '
            'line 36, in defaulterrorhandler\n'
            '    raise errorclass, errorvalue\n'
            'IntegrityError: (1062, "Duplicate entry '
            '\'1\\xe7\\x8f\\xad-1098-1\' for key \'name\'")\n',
  'retcode': 1}</msg>
<msg timestamp="20200814 09:23:42.023" level="FAIL">返回值非0</msg>
<status status="FAIL" starttime="20200814 09:23:41.940" endtime="20200814 09:23:42.023"></status>
</kw>
<kw name="Teardown" library="C000001" type="teardown">
<msg timestamp="20200814 09:23:42.024" level="FAIL">KeyError: 'id'</msg>
<status status="FAIL" starttime="20200814 09:23:42.024" endtime="20200814 09:23:42.024">KeyError: 'id'</status>
</kw>
<status status="FAIL" starttime="20200814 09:23:41.938" endtime="20200814 09:23:42.025" critical="yes">返回值非0

Also teardown failed:
KeyError: 'id'</status>
</test>
<status status="FAIL" starttime="20200814 09:23:41.931" endtime="20200814 09:23:42.026"></status>
</suite>
<kw name="Delete All School Classes" library="pylib.SchoolClassLib" type="teardown">
<msg timestamp="20200814 09:23:42.317" level="INFO">{ 'gradeid': None,
  'retcode': 0,
  'retlist': [ { 'grade__name': '七年级',
                 'id': 455050,
                 'invitecode': '4550502016350',
                 'name': '1班',
                 'studentlimit': 60,
                 'studentnumber': 0,
                 'teacherlist': []}]}
{ 'gradeid': None,
  'retcode': 0,
  'retlist': [ { 'grade__name': '七年级',
                 'id': 455050,
                 'invitecode': '4550502016350',
                 'name': '1班',
                 'studentlimit': 60,
                 'studentnumber': 0,
                 'teacherlist': []}]}
{'retcode': 0}
{'gradeid': None, 'retcode': 0, 'retlist': []}
{'gradeid': None, 'retcode': 0, 'retlist': []}</msg>
<status status="PASS" starttime="20200814 09:23:42.030" endtime="20200814 09:23:42.317"></status>
</kw>
<status status="FAIL" starttime="20200814 09:23:41.111" endtime="20200814 09:23:42.317"></status>
</suite>
<status status="FAIL" starttime="20200814 09:23:41.082" endtime="20200814 09:23:42.320"></status>
</suite>
<statistics>
<total>
<stat pass="1" fail="2">Critical Tests</stat>
<stat pass="1" fail="2">All Tests</stat>
</total>
<tag>
</tag>
<suite>
<stat pass="1" fail="2" id="s1" name="Tc">Tc</stat>
<stat pass="1" fail="2" id="s1-s1" name="D-空白数据">Tc.D-空白数据</stat>
<stat pass="1" fail="1" id="s1-s1-s1" name="D-7年级1班">Tc.D-空白数据.D-7年级1班</stat>
<stat pass="1" fail="1" id="s1-s1-s1-s1" name="班级管理">Tc.D-空白数据.D-7年级1班.班级管理</stat>
<stat pass="0" fail="1" id="s1-s1-s2" name="添加班级">Tc.D-空白数据.添加班级</stat>
</suite>
</statistics>
<errors>
</errors>
</robot>
