<?xml version="1.0" encoding="UTF-8"?>
<robot generator="Robot 3.1.2 (Python 3.6.5 on win32)" generated="20200903 17:53:55.779" rpa="false">
<suite id="s1" name="Tc" source="D:\a-testPython\spj\tc">
<suite id="s1-s1" name="D-空白数据" source="D:\a-testPython\spj\tc\d-空白数据">
<kw name="Run Keywords" library="BuiltIn" type="setup">
<doc>Executes all the given keywords in a sequence.</doc>
<arguments>
<arg>delete_all_teachers</arg>
<arg>AND</arg>
<arg>delete all school classes</arg>
</arguments>
<kw name="Delete All Teachers" library="pylib.TeacherLib">
<msg timestamp="20200903 17:53:56.130" level="INFO">{'retcode': 0, 'retlist': []}
{'retcode': 0, 'retlist': []}
{'retcode': 0, 'retlist': []}
{'retcode': 0, 'retlist': []}</msg>
<status status="PASS" starttime="20200903 17:53:55.948" endtime="20200903 17:53:56.130"></status>
</kw>
<kw name="Delete All School Classes" library="pylib.SchoolClassLib">
<msg timestamp="20200903 17:53:56.427" level="INFO">{ 'gradeid': None,
  'retcode': 0,
  'retlist': [ { 'grade__name': '七年级',
                 'id': 470440,
                 'invitecode': '4704400803619',
                 'name': "'1班'",
                 'studentlimit': 0,
                 'studentnumber': 0,
                 'teacherlist': []}]}
{ 'gradeid': None,
  'retcode': 0,
  'retlist': [ { 'grade__name': '七年级',
                 'id': 470440,
                 'invitecode': '4704400803619',
                 'name': "'1班'",
                 'studentlimit': 0,
                 'studentnumber': 0,
                 'teacherlist': []}]}
{'retcode': 0}
{'gradeid': None, 'retcode': 0, 'retlist': []}
{'gradeid': None, 'retcode': 0, 'retlist': []}</msg>
<status status="PASS" starttime="20200903 17:53:56.130" endtime="20200903 17:53:56.427"></status>
</kw>
<status status="PASS" starttime="20200903 17:53:55.947" endtime="20200903 17:53:56.427"></status>
</kw>
<suite id="s1-s1-s1" name="D-7年级1班" source="D:\a-testPython\spj\tc\d-空白数据\d-7年级1班">
<kw name="Add School Class" library="pylib.SchoolClassLib" type="setup">
<arguments>
<arg>1</arg>
<arg>'1班'</arg>
<arg>0</arg>
<arg>suite_g7c1_classid</arg>
</arguments>
<msg timestamp="20200903 17:53:56.534" level="INFO">${suite_g7c1_classid} = 470446</msg>
<msg timestamp="20200903 17:53:56.534" level="INFO">{'id': 470446, 'invitecode': '4704463686443', 'retcode': 0}</msg>
<status status="PASS" starttime="20200903 17:53:56.431" endtime="20200903 17:53:56.534"></status>
</kw>
<suite id="s1-s1-s1-s1" name="D-添加老师Gy" source="D:\a-testPython\spj\tc\d-空白数据\d-7年级1班\d-添加老师gy">
<kw name="Add Teacher" library="pylib.TeacherLib" type="setup">
<arguments>
<arg>yang</arg>
<arg>yang</arg>
<arg>15200000000</arg>
<arg>123456@qq.com</arg>
<arg>13000000000</arg>
<arg>1</arg>
<arg>[{"id":${suite_g7c1_classid}}]</arg>
<arg>suite_math_teacher_id</arg>
</arguments>
<msg timestamp="20200903 17:53:56.656" level="INFO">${suite_math_teacher_id} = 142736</msg>
<msg timestamp="20200903 17:53:56.656" level="INFO">{'id': 142736, 'retcode': 0}
global var set: $suite_math_teacher_id:142736</msg>
<status status="PASS" starttime="20200903 17:53:56.539" endtime="20200903 17:53:56.656"></status>
</kw>
<suite id="s1-s1-s1-s1-s1" name="D-添加学生Z" source="D:\a-testPython\spj\tc\d-空白数据\d-7年级1班\d-添加老师gy\d-添加学生z">
<kw name="Add Student" library="pylib.StudentLib" type="setup">
<arguments>
<arg>ke</arg>
<arg>ke</arg>
<arg>1</arg>
<arg>${suite_g7c1_classid}</arg>
<arg>suite_student_id</arg>
</arguments>
<msg timestamp="20200903 17:53:56.775" level="INFO">{'id': 69209, 'retcode': 0}</msg>
<status status="PASS" starttime="20200903 17:53:56.671" endtime="20200903 17:53:56.775"></status>
</kw>
<suite id="s1-s1-s1-s1-s1-s1" name="WEB操作" source="D:\a-testPython\spj\tc\d-空白数据\d-7年级1班\d-添加老师gy\d-添加学生z\WEB操作.robot">
<test id="s1-s1-s1-s1-s1-s1-t1" name="老师发布作业1 - c005101">
<kw name="Setup" library="C005101" type="setup">
<status status="PASS" starttime="20200903 17:53:56.876" endtime="20200903 17:53:56.877"></status>
</kw>
<kw name="Steps" library="C005101">
<msg timestamp="20200903 17:54:36.258" level="INFO">***** step 1 **** 教师登录   

['松勤学院01093', 'yang', '初中数学', '0', '0', '0']


***** step 2 **** 发布作业   

进入到下发任务窗口


***** step 3 **** 学生登录做作业   



***** step 4 **** 教师登录检查   

['A', 'A', 'A']</msg>
<msg timestamp="20200903 17:54:36.259" level="FAIL">教师作业验证失败</msg>
<status status="FAIL" starttime="20200903 17:53:56.878" endtime="20200903 17:54:36.259"></status>
</kw>
<kw name="Teardown" library="C005101" type="teardown">
<status status="PASS" starttime="20200903 17:54:36.260" endtime="20200903 17:54:36.260"></status>
</kw>
<status status="FAIL" starttime="20200903 17:53:56.875" endtime="20200903 17:54:36.261" critical="yes">教师作业验证失败</status>
</test>
<status status="FAIL" starttime="20200903 17:53:56.775" endtime="20200903 17:54:36.265"></status>
</suite>
<suite id="s1-s1-s1-s1-s1-s2" name="添加学生" source="D:\a-testPython\spj\tc\d-空白数据\d-7年级1班\d-添加老师gy\d-添加学生z\添加学生.robot">
<test id="s1-s1-s1-s1-s1-s2-t1" name="添加学生1 - tc002001">
<kw name="Setup" library="C002001" type="setup">
<msg timestamp="20200903 17:54:36.585" level="INFO">{ 'retcode': 0,
  'retlist': [ { 'classid': 470446,
                 'id': 69209,
                 'phonenumber': 'suite_student_id',
                 'realname': 'ke',
                 'username': 'ke'}]}
{'retcode': 0}
{'retcode': 0, 'retlist': []}</msg>
<status status="PASS" starttime="20200903 17:54:36.293" endtime="20200903 17:54:36.585"></status>
</kw>
<kw name="Steps" library="C002001">
<msg timestamp="20200903 17:54:36.888" level="INFO">***** step 1 **** 列出课程id   

{ 'gradeid': 1,
  'retcode': 0,
  'retlist': [ { 'grade__name': '七年级',
                 'id': 470446,
                 'invitecode': '4704463686443',
                 'name': "'1班'",
                 'studentlimit': 0,
                 'studentnumber': 0,
                 'teacherlist': [ { 'subject__name': '初中数学',
                                    'subject_id': 1,
                                    'teacher__realname': 'yang',
                                    'teacher__user_id': 215121}]}]}
{'gradeid': 1, 'retlist': [{'name': "'1班'", 'grade__name': '七年级', 'invitecode': '4704463686443', 'studentlimit': 0, 'studentnumber': 0, 'id': 470446, 'teacherlist': [{'teacher__realname': 'yang', 'subject_id': 1, 'subject__name': '初中数学', 'teacher__user_id': 215121}]}], 'retcode': 0}


***** step 2 **** 添加一个学生   

{'id': 69210, 'retcode': 0}
{'retcode': 0, 'id': 69210}


***** step 3 **** 获取学生的id   

69210
{ 'retcode': 0,
  'retlist': [ { 'classid': 470446,
                 'id': 69210,
                 'phonenumber': '17600000000',
                 'realname': 'zhang',
                 'username': 'zhang'}]}</msg>
<status status="PASS" starttime="20200903 17:54:36.586" endtime="20200903 17:54:36.889"></status>
</kw>
<kw name="Teardown" library="C002001" type="teardown">
<msg timestamp="20200903 17:54:37.192" level="INFO">{ 'retcode': 0,
  'retlist': [ { 'classid': 470446,
                 'id': 69210,
                 'phonenumber': '17600000000',
                 'realname': 'zhang',
                 'username': 'zhang'}]}
{'retcode': 0}
{'retcode': 0, 'retlist': []}</msg>
<status status="PASS" starttime="20200903 17:54:36.889" endtime="20200903 17:54:37.192"></status>
</kw>
<status status="PASS" starttime="20200903 17:54:36.292" endtime="20200903 17:54:37.193" critical="yes"></status>
</test>
<test id="s1-s1-s1-s1-s1-s2-t2" name="添加学生2 - tc002002">
<kw name="Setup" library="C002002" type="setup">
<status status="PASS" starttime="20200903 17:54:37.196" endtime="20200903 17:54:37.196"></status>
</kw>
<kw name="Steps" library="C002002">
<msg timestamp="20200903 17:54:37.418" level="INFO">***** step 1 **** 列出课程id   

{ 'gradeid': 1,
  'retcode': 0,
  'retlist': [ { 'grade__name': '七年级',
                 'id': 470446,
                 'invitecode': '4704463686443',
                 'name': "'1班'",
                 'studentlimit': 0,
                 'studentnumber': 0,
                 'teacherlist': [ { 'subject__name': '初中数学',
                                    'subject_id': 1,
                                    'teacher__realname': 'yang',
                                    'teacher__user_id': 215121}]}]}
{'gradeid': 1, 'retlist': [{'name': "'1班'", 'grade__name': '七年级', 'invitecode': '4704463686443', 'studentlimit': 0, 'studentnumber': 0, 'id': 470446, 'teacherlist': [{'teacher__realname': 'yang', 'subject_id': 1, 'subject__name': '初中数学', 'teacher__user_id': 215121}]}], 'retcode': 0}


***** step 2 **** 添加一个学生   

{'reason': '登录名`yang`已经存在，请换一个登录名', 'retcode': 1}
{'reason': '登录名`yang`已经存在，请换一个登录名', 'retcode': 1}
{'gradeid': 1, 'retlist': [{'name': "'1班'", 'grade__name': '七年级', 'invitecode': '4704463686443', 'studentlimit': 0, 'studentnumber': 0, 'id': 470446, 'teacherlist': [{'teacher__realname': 'yang', 'subject_id': 1, 'subject__name': '初中数学', 'teacher__user_id': 215121}]}], 'retcode': 0}</msg>
<msg timestamp="20200903 17:54:37.419" level="FAIL">添加失败</msg>
<status status="FAIL" starttime="20200903 17:54:37.197" endtime="20200903 17:54:37.419"></status>
</kw>
<kw name="Teardown" library="C002002" type="teardown">
<msg timestamp="20200903 17:54:37.601" level="INFO">{'retcode': 0, 'retlist': []}
{'retcode': 0, 'retlist': []}</msg>
<status status="PASS" starttime="20200903 17:54:37.420" endtime="20200903 17:54:37.601"></status>
</kw>
<status status="FAIL" starttime="20200903 17:54:37.194" endtime="20200903 17:54:37.601" critical="yes">添加失败</status>
</test>
<test id="s1-s1-s1-s1-s1-s2-t3" name="删除学生3 - tc002081">
<kw name="Setup" library="C002081" type="setup">
<status status="PASS" starttime="20200903 17:54:37.605" endtime="20200903 17:54:37.605"></status>
</kw>
<kw name="Steps" library="C002081">
<msg timestamp="20200903 17:54:38.212" level="INFO">***** step 1 **** 列出课程id   

{ 'gradeid': 1,
  'retcode': 0,
  'retlist': [ { 'grade__name': '七年级',
                 'id': 470446,
                 'invitecode': '4704463686443',
                 'name': "'1班'",
                 'studentlimit': 0,
                 'studentnumber': 0,
                 'teacherlist': [ { 'subject__name': '初中数学',
                                    'subject_id': 1,
                                    'teacher__realname': 'yang',
                                    'teacher__user_id': 215121}]}]}
{'gradeid': 1, 'retlist': [{'name': "'1班'", 'grade__name': '七年级', 'invitecode': '4704463686443', 'studentlimit': 0, 'studentnumber': 0, 'id': 470446, 'teacherlist': [{'teacher__realname': 'yang', 'subject_id': 1, 'subject__name': '初中数学', 'teacher__user_id': 215121}]}], 'retcode': 0}


***** step 2 **** 添加一个学生   

{'retcode': 0, 'retlist': []}
{'id': 69211, 'retcode': 0}
{'retcode': 0, 'id': 69211}


***** step 3 **** 获取学生的id   

69211
{ 'retcode': 0,
  'retlist': [ { 'classid': 470446,
                 'id': 69211,
                 'phonenumber': '18700000000',
                 'realname': 'ke',
                 'username': 'ke'}]}


***** step 4 **** 删除学生   

{'retcode': 0}
{'retcode': 0, 'retlist': []}</msg>
<status status="PASS" starttime="20200903 17:54:37.605" endtime="20200903 17:54:38.212"></status>
</kw>
<kw name="Teardown" library="C002081" type="teardown">
<msg timestamp="20200903 17:54:38.410" level="INFO">{'retcode': 0, 'retlist': []}
{'retcode': 0, 'retlist': []}</msg>
<status status="PASS" starttime="20200903 17:54:38.213" endtime="20200903 17:54:38.410"></status>
</kw>
<status status="PASS" starttime="20200903 17:54:37.603" endtime="20200903 17:54:38.411" critical="yes"></status>
</test>
<status status="FAIL" starttime="20200903 17:54:36.271" endtime="20200903 17:54:38.412"></status>
</suite>
<kw name="Delete Student" library="pylib.StudentLib" type="teardown">
<arguments>
<arg>${suite_g7c1_classid}</arg>
</arguments>
<msg timestamp="20200903 17:54:38.513" level="INFO">{'reason': 'id 为`470446`的学生不存在', 'retcode': 404}</msg>
<status status="PASS" starttime="20200903 17:54:38.418" endtime="20200903 17:54:38.514"></status>
</kw>
<status status="FAIL" starttime="20200903 17:53:56.656" endtime="20200903 17:54:38.514"></status>
</suite>
<suite id="s1-s1-s1-s1-s2" name="添加老师" source="D:\a-testPython\spj\tc\d-空白数据\d-7年级1班\d-添加老师gy\添加老师.robot">
<test id="s1-s1-s1-s1-s2-t1" name="添加老师1 - tc001001">
<kw name="Setup" library="C001001" type="setup">
<msg timestamp="20200903 17:54:38.852" level="INFO">{ 'retcode': 0,
  'retlist': [ { 'email': '123456@qq.com',
                 'id': 142736,
                 'idcardnumber': '13000000000',
                 'phonenumber': '15200000000',
                 'realname': 'yang',
                 'teachclasslist': [470446],
                 'username': 'yang'}]}
{ 'retcode': 0,
  'retlist': [ { 'email': '123456@qq.com',
                 'id': 142736,
                 'idcardnumber': '13000000000',
                 'phonenumber': '15200000000',
                 'realname': 'yang',
                 'teachclasslist': [470446],
                 'username': 'yang'}]}
{'retcode': 0}
{'retcode': 0, 'retlist': []}
{'retcode': 0, 'retlist': []}</msg>
<status status="PASS" starttime="20200903 17:54:38.537" endtime="20200903 17:54:38.853"></status>
</kw>
<kw name="Steps" library="C001001">
<msg timestamp="20200903 17:54:39.155" level="INFO">***** step 1 **** 列出课程id   

{ 'gradeid': 1,
  'retcode': 0,
  'retlist': [ { 'grade__name': '七年级',
                 'id': 470446,
                 'invitecode': '4704463686443',
                 'name': "'1班'",
                 'studentlimit': 0,
                 'studentnumber': 0,
                 'teacherlist': []}]}
[{'name': "'1班'", 'grade__name': '七年级', 'invitecode': '4704463686443', 'studentlimit': 0, 'studentnumber': 0, 'id': 470446, 'teacherlist': []}]
[{'id': 470446}]


***** step 2 **** 添加一个老师   

{'id': 142738, 'retcode': 0}
{'retcode': 0, 'id': 142738}


***** step 3 **** 获取教师id   

142738
{ 'retcode': 0,
  'retlist': [ { 'email': '123456@qq.com',
                 'id': 142738,
                 'idcardnumber': '13500000000',
                 'phonenumber': '17600000000',
                 'realname': 'zhangke',
                 'teachclasslist': [470446],
                 'username': 'zhang'}]}</msg>
<status status="PASS" starttime="20200903 17:54:38.853" endtime="20200903 17:54:39.156"></status>
</kw>
<kw name="Teardown" library="C001001" type="teardown">
<msg timestamp="20200903 17:54:39.291" level="INFO">{'retcode': 0}</msg>
<status status="PASS" starttime="20200903 17:54:39.156" endtime="20200903 17:54:39.291"></status>
</kw>
<status status="PASS" starttime="20200903 17:54:38.535" endtime="20200903 17:54:39.292" critical="yes"></status>
</test>
<test id="s1-s1-s1-s1-s2-t2" name="添加老师2 - tc001002">
<kw name="Setup" library="C001002" type="setup">
<status status="PASS" starttime="20200903 17:54:39.295" endtime="20200903 17:54:39.295"></status>
</kw>
<kw name="Steps" library="C001002">
<msg timestamp="20200903 17:54:39.584" level="INFO">***** step 1 **** 列出课程id   

{ 'gradeid': 1,
  'retcode': 0,
  'retlist': [ { 'grade__name': '七年级',
                 'id': 470446,
                 'invitecode': '4704463686443',
                 'name': "'1班'",
                 'studentlimit': 0,
                 'studentnumber': 0,
                 'teacherlist': []}]}
[{'name': "'1班'", 'grade__name': '七年级', 'invitecode': '4704463686443', 'studentlimit': 0, 'studentnumber': 0, 'id': 470446, 'teacherlist': []}]
[{'id': 470446}]


***** step 2 **** 添加一个老师   

{'id': 142739, 'retcode': 0}
{'retcode': 0, 'id': 142739}


***** step 3 **** 获取教师id   

142739
{ 'retcode': 0,
  'retlist': [ { 'email': '123456@qq.com',
                 'id': 142739,
                 'idcardnumber': '13500000000',
                 'phonenumber': '17600000000',
                 'realname': 'zhangke',
                 'teachclasslist': [470446],
                 'username': 'zhang'}]}</msg>
<status status="PASS" starttime="20200903 17:54:39.296" endtime="20200903 17:54:39.584"></status>
</kw>
<kw name="Teardown" library="C001002" type="teardown">
<msg timestamp="20200903 17:54:39.720" level="INFO">{'retcode': 0}</msg>
<status status="PASS" starttime="20200903 17:54:39.585" endtime="20200903 17:54:39.720"></status>
</kw>
<status status="PASS" starttime="20200903 17:54:39.293" endtime="20200903 17:54:39.721" critical="yes"></status>
</test>
<test id="s1-s1-s1-s1-s2-t3" name="添加老师3 - tc001003">
<kw name="Setup" library="C001003" type="setup">
<status status="PASS" starttime="20200903 17:54:39.724" endtime="20200903 17:54:39.724"></status>
</kw>
<kw name="Steps" library="C001003">
<msg timestamp="20200903 17:54:39.805" level="INFO">***** step 1 **** 列出课程id   

{ 'gradeid': 1,
  'retcode': 0,
  'retlist': [ { 'grade__name': '七年级',
                 'id': 470446,
                 'invitecode': '4704463686443',
                 'name': "'1班'",
                 'studentlimit': 0,
                 'studentnumber': 0,
                 'teacherlist': []}]}
[{'name': "'1班'", 'grade__name': '七年级', 'invitecode': '4704463686443', 'studentlimit': 0, 'studentnumber': 0, 'id': 470446, 'teacherlist': []}]</msg>
<status status="PASS" starttime="20200903 17:54:39.724" endtime="20200903 17:54:39.805"></status>
</kw>
<kw name="Teardown" library="C001003" type="teardown">
<status status="PASS" starttime="20200903 17:54:39.806" endtime="20200903 17:54:39.806"></status>
</kw>
<status status="PASS" starttime="20200903 17:54:39.722" endtime="20200903 17:54:39.806" critical="yes"></status>
</test>
<status status="PASS" starttime="20200903 17:54:38.518" endtime="20200903 17:54:39.808"></status>
</suite>
<kw name="Delete Teacher" library="pylib.TeacherLib" type="teardown">
<arguments>
<arg>${suite_math_teacher_id}</arg>
</arguments>
<msg timestamp="20200903 17:54:39.903" level="INFO">{'reason': 'id 为`142736`的老师不存在', 'retcode': 404}</msg>
<status status="PASS" starttime="20200903 17:54:39.814" endtime="20200903 17:54:39.903"></status>
</kw>
<status status="FAIL" starttime="20200903 17:53:56.534" endtime="20200903 17:54:39.904"></status>
</suite>
<kw name="Delete School Class" library="pylib.SchoolClassLib" type="teardown">
<arguments>
<arg>${suite_g7c1_classid}</arg>
</arguments>
<msg timestamp="20200903 17:54:40.008" level="INFO">{'retcode': 0}</msg>
<status status="PASS" starttime="20200903 17:54:39.912" endtime="20200903 17:54:40.008"></status>
</kw>
<status status="FAIL" starttime="20200903 17:53:56.427" endtime="20200903 17:54:40.008"></status>
</suite>
<status status="FAIL" starttime="20200903 17:53:55.813" endtime="20200903 17:54:40.013"></status>
</suite>
<status status="FAIL" starttime="20200903 17:53:55.781" endtime="20200903 17:54:40.018"></status>
</suite>
<statistics>
<total>
<stat pass="5" fail="2">Critical Tests</stat>
<stat pass="5" fail="2">All Tests</stat>
</total>
<tag>
</tag>
<suite>
<stat pass="5" fail="2" id="s1" name="Tc">Tc</stat>
<stat pass="5" fail="2" id="s1-s1" name="D-空白数据">Tc.D-空白数据</stat>
<stat pass="5" fail="2" id="s1-s1-s1" name="D-7年级1班">Tc.D-空白数据.D-7年级1班</stat>
<stat pass="5" fail="2" id="s1-s1-s1-s1" name="D-添加老师Gy">Tc.D-空白数据.D-7年级1班.D-添加老师Gy</stat>
<stat pass="2" fail="2" id="s1-s1-s1-s1-s1" name="D-添加学生Z">Tc.D-空白数据.D-7年级1班.D-添加老师Gy.D-添加学生Z</stat>
<stat pass="0" fail="1" id="s1-s1-s1-s1-s1-s1" name="WEB操作">Tc.D-空白数据.D-7年级1班.D-添加老师Gy.D-添加学生Z.WEB操作</stat>
<stat pass="2" fail="1" id="s1-s1-s1-s1-s1-s2" name="添加学生">Tc.D-空白数据.D-7年级1班.D-添加老师Gy.D-添加学生Z.添加学生</stat>
<stat pass="3" fail="0" id="s1-s1-s1-s1-s2" name="添加老师">Tc.D-空白数据.D-7年级1班.D-添加老师Gy.添加老师</stat>
</suite>
</statistics>
<errors>
</errors>
</robot>
