<?xml version="1.0" encoding="UTF-8"?>
<robot generator="Robot 3.1.2 (Python 3.6.5 on win32)" generated="20200702 09:09:41.243" rpa="false">
<suite id="s1" name="Tc" source="D:\testPython\test\RF\task5\tc">
<suite id="s1-s1" name="webUI" source="D:\testPython\test\RF\task5\tc\webUI">
<kw name="setupwebtest" library="rc" type="setup">
<kw name="Open Browser" library="SeleniumLibrary">
<doc>Opens a new browser instance to the optional ``url``.</doc>
<arguments>
<arg>http://baidu.com</arg>
<arg>chrome</arg>
</arguments>
<msg timestamp="20200702 09:09:41.526" level="INFO">Opening browser 'chrome' to base url 'http://baidu.com'.</msg>
<status status="PASS" starttime="20200702 09:09:41.525" endtime="20200702 09:09:45.553"></status>
</kw>
<kw name="Set Selenium Implicit Wait" library="SeleniumLibrary">
<doc>Sets the implicit wait value used by Selenium.</doc>
<arguments>
<arg>10</arg>
</arguments>
<status status="PASS" starttime="20200702 09:09:45.554" endtime="20200702 09:09:45.556"></status>
</kw>
<kw name="Log To Console" library="BuiltIn">
<doc>Logs the given message to the console.</doc>
<arguments>
<arg>打开浏览器</arg>
</arguments>
<status status="PASS" starttime="20200702 09:09:45.556" endtime="20200702 09:09:45.557"></status>
</kw>
<status status="PASS" starttime="20200702 09:09:41.525" endtime="20200702 09:09:45.557"></status>
</kw>
<suite id="s1-s1-s1" name="管理员操作" source="D:\testPython\test\RF\task5\tc\webUI\管理员操作">
<kw name="loginwebsite" library="rc" type="setup">
<kw name="Go To" library="SeleniumLibrary">
<doc>Navigates the current browser window to the provided ``url``.</doc>
<arguments>
<arg>${MgrLogUrl}</arg>
</arguments>
<msg timestamp="20200702 09:09:45.574" level="INFO">Opening url 'http://localhost/mgr/login/login.html'</msg>
<status status="PASS" starttime="20200702 09:09:45.574" endtime="20200702 09:09:46.322"></status>
</kw>
<kw name="Input Text" library="SeleniumLibrary">
<doc>Types the given ``text`` into the text field identified by ``locator``.</doc>
<arguments>
<arg>id=username</arg>
<arg>&amp;{user1}[name]</arg>
</arguments>
<msg timestamp="20200702 09:09:46.325" level="INFO">Typing text 'auto' into text field 'id=username'.</msg>
<status status="PASS" starttime="20200702 09:09:46.323" endtime="20200702 09:09:46.457"></status>
</kw>
<kw name="Input Text" library="SeleniumLibrary">
<doc>Types the given ``text`` into the text field identified by ``locator``.</doc>
<arguments>
<arg>id=password</arg>
<arg>&amp;{user1}[pw]</arg>
</arguments>
<msg timestamp="20200702 09:09:46.457" level="INFO">Typing text 'sdfsdfsdf' into text field 'id=password'.</msg>
<status status="PASS" starttime="20200702 09:09:46.457" endtime="20200702 09:09:46.591"></status>
</kw>
<kw name="Click Element" library="SeleniumLibrary">
<doc>Click the element identified by ``locator``.</doc>
<arguments>
<arg>css=.btn-success</arg>
</arguments>
<msg timestamp="20200702 09:09:46.592" level="INFO">Clicking element 'css=.btn-success'.</msg>
<status status="PASS" starttime="20200702 09:09:46.591" endtime="20200702 09:09:46.658"></status>
</kw>
<status status="PASS" starttime="20200702 09:09:45.573" endtime="20200702 09:09:46.658"></status>
</kw>
<suite id="s1-s1-s1-s1" name="Traininggrade" source="D:\testPython\test\RF\task5\tc\webUI\管理员操作\traininggrade">
<suite id="s1-s1-s1-s1-s1" name="addTrainingGrade" source="D:\testPython\test\RF\task5\tc\webUI\管理员操作\traininggrade\addTrainingGrade.robot">
<test id="s1-s1-s1-s1-s1-t1" name="添加培训班期">
<kw name="Run Keywords" library="BuiltIn" type="setup">
<doc>Executes all the given keywords in a sequence.</doc>
<arguments>
<arg>DeleteAllTrainingGrade</arg>
<arg>AND</arg>
<arg>DeleteAllTraining</arg>
<arg>AND</arg>
<arg>DeleteAllCourse</arg>
<arg>AND</arg>
<arg>AddCourse</arg>
<arg>初中语文</arg>
<arg>初中语文描述</arg>
<arg>1</arg>
<arg>AND</arg>
<arg>AddTraining</arg>
<arg>培训班（初中班）</arg>
<arg>这是一个培训班</arg>
<arg>1</arg>
<arg>初中语文</arg>
</arguments>
<kw name="deleteAllTrainingGrade" library="rc">
<kw name="Click Element" library="SeleniumLibrary">
<doc>Click the element identified by ``locator``.</doc>
<arguments>
<arg>css=[ui-sref="traininggrade"]</arg>
</arguments>
<msg timestamp="20200702 09:09:46.703" level="INFO">Clicking element 'css=[ui-sref="traininggrade"]'.</msg>
<status status="PASS" starttime="20200702 09:09:46.703" endtime="20200702 09:09:47.359"></status>
</kw>
<kw name="Set Selenium Implicit Wait" library="SeleniumLibrary">
<doc>Sets the implicit wait value used by Selenium.</doc>
<arguments>
<arg>2</arg>
</arguments>
<status status="PASS" starttime="20200702 09:09:47.359" endtime="20200702 09:09:47.360"></status>
</kw>
<kw name="${i} IN RANGE [ 9999 ]" type="for">
<kw name="${i} = 0" type="foritem">
<kw name="Get WebElements" library="SeleniumLibrary">
<doc>Returns a list of WebElement objects matching the ``locator``.</doc>
<arguments>
<arg>CSS=[ng-click="delOne(one)"]</arg>
</arguments>
<assign>
<var>${del_btns}</var>
</assign>
<msg timestamp="20200702 09:09:49.384" level="INFO">${del_btns} = []</msg>
<status status="PASS" starttime="20200702 09:09:47.362" endtime="20200702 09:09:49.384"></status>
</kw>
<kw name="Exit For Loop If" library="BuiltIn">
<doc>Stops executing the enclosing for loop if the ``condition`` is true.</doc>
<arguments>
<arg>$del_btns==[]</arg>
</arguments>
<msg timestamp="20200702 09:09:49.392" level="INFO">Exiting for loop altogether.</msg>
<status status="PASS" starttime="20200702 09:09:49.384" endtime="20200702 09:09:49.393"></status>
</kw>
<status status="PASS" starttime="20200702 09:09:47.361" endtime="20200702 09:09:49.393"></status>
</kw>
<status status="PASS" starttime="20200702 09:09:47.361" endtime="20200702 09:09:49.393"></status>
</kw>
<kw name="Set Selenium Implicit Wait" library="SeleniumLibrary">
<doc>Sets the implicit wait value used by Selenium.</doc>
<arguments>
<arg>5</arg>
</arguments>
<status status="PASS" starttime="20200702 09:09:49.393" endtime="20200702 09:09:49.394"></status>
</kw>
<status status="PASS" starttime="20200702 09:09:46.702" endtime="20200702 09:09:49.394"></status>
</kw>
<kw name="deleteAllTraining" library="rc">
<kw name="Click Element" library="SeleniumLibrary">
<doc>Click the element identified by ``locator``.</doc>
<arguments>
<arg>css=[ui-sref="training"]</arg>
</arguments>
<msg timestamp="20200702 09:09:49.394" level="INFO">Clicking element 'css=[ui-sref="training"]'.</msg>
<status status="PASS" starttime="20200702 09:09:49.394" endtime="20200702 09:09:49.465"></status>
</kw>
<kw name="Set Selenium Implicit Wait" library="SeleniumLibrary">
<doc>Sets the implicit wait value used by Selenium.</doc>
<arguments>
<arg>2</arg>
</arguments>
<status status="PASS" starttime="20200702 09:09:49.466" endtime="20200702 09:09:49.474"></status>
</kw>
<kw name="${i} IN RANGE [ 9999 ]" type="for">
<kw name="${i} = 0" type="foritem">
<kw name="Get WebElements" library="SeleniumLibrary">
<doc>Returns a list of WebElement objects matching the ``locator``.</doc>
<arguments>
<arg>CSS=[ng-click="delOne(one)"]</arg>
</arguments>
<assign>
<var>${del_btns}</var>
</assign>
<msg timestamp="20200702 09:09:51.549" level="INFO">${del_btns} = []</msg>
<status status="PASS" starttime="20200702 09:09:49.475" endtime="20200702 09:09:51.549"></status>
</kw>
<kw name="Exit For Loop If" library="BuiltIn">
<doc>Stops executing the enclosing for loop if the ``condition`` is true.</doc>
<arguments>
<arg>$del_btns==[]</arg>
</arguments>
<msg timestamp="20200702 09:09:51.550" level="INFO">Exiting for loop altogether.</msg>
<status status="PASS" starttime="20200702 09:09:51.549" endtime="20200702 09:09:51.550"></status>
</kw>
<status status="PASS" starttime="20200702 09:09:49.475" endtime="20200702 09:09:51.550"></status>
</kw>
<status status="PASS" starttime="20200702 09:09:49.474" endtime="20200702 09:09:51.550"></status>
</kw>
<kw name="Set Selenium Implicit Wait" library="SeleniumLibrary">
<doc>Sets the implicit wait value used by Selenium.</doc>
<arguments>
<arg>5</arg>
</arguments>
<status status="PASS" starttime="20200702 09:09:51.550" endtime="20200702 09:09:51.552"></status>
</kw>
<status status="PASS" starttime="20200702 09:09:49.394" endtime="20200702 09:09:51.552"></status>
</kw>
<kw name="deleteAllCourse" library="rc">
<kw name="Click Element" library="SeleniumLibrary">
<doc>Click the element identified by ``locator``.</doc>
<arguments>
<arg>css=[ui-sref="course"]</arg>
</arguments>
<msg timestamp="20200702 09:09:51.553" level="INFO">Clicking element 'css=[ui-sref="course"]'.</msg>
<status status="PASS" starttime="20200702 09:09:51.552" endtime="20200702 09:09:51.617"></status>
</kw>
<kw name="Set Selenium Implicit Wait" library="SeleniumLibrary">
<doc>Sets the implicit wait value used by Selenium.</doc>
<arguments>
<arg>1</arg>
</arguments>
<status status="PASS" starttime="20200702 09:09:51.618" endtime="20200702 09:09:51.620"></status>
</kw>
<kw name="${i} IN RANGE [ 9999 ]" type="for">
<kw name="${i} = 0" type="foritem">
<kw name="Get WebElements" library="SeleniumLibrary">
<doc>Returns a list of WebElement objects matching the ``locator``.</doc>
<arguments>
<arg>CSS=[ng-click="delOne(one)"]</arg>
</arguments>
<assign>
<var>${del_btns}</var>
</assign>
<msg timestamp="20200702 09:09:52.642" level="INFO">${del_btns} = []</msg>
<status status="PASS" starttime="20200702 09:09:51.620" endtime="20200702 09:09:52.642"></status>
</kw>
<kw name="Exit For Loop If" library="BuiltIn">
<doc>Stops executing the enclosing for loop if the ``condition`` is true.</doc>
<arguments>
<arg>$del_btns==[]</arg>
</arguments>
<msg timestamp="20200702 09:09:52.643" level="INFO">Exiting for loop altogether.</msg>
<status status="PASS" starttime="20200702 09:09:52.642" endtime="20200702 09:09:52.643"></status>
</kw>
<status status="PASS" starttime="20200702 09:09:51.620" endtime="20200702 09:09:52.643"></status>
</kw>
<status status="PASS" starttime="20200702 09:09:51.620" endtime="20200702 09:09:52.643"></status>
</kw>
<kw name="Set Selenium Implicit Wait" library="SeleniumLibrary">
<doc>Sets the implicit wait value used by Selenium.</doc>
<arguments>
<arg>10</arg>
</arguments>
<status status="PASS" starttime="20200702 09:09:52.643" endtime="20200702 09:09:52.646"></status>
</kw>
<status status="PASS" starttime="20200702 09:09:51.552" endtime="20200702 09:09:52.646"></status>
</kw>
<kw name="addCourse" library="rc">
<arguments>
<arg>初中语文</arg>
<arg>初中语文描述</arg>
<arg>1</arg>
</arguments>
<kw name="Click Element" library="SeleniumLibrary">
<doc>Click the element identified by ``locator``.</doc>
<arguments>
<arg>css=[ui-sref="course"]</arg>
</arguments>
<msg timestamp="20200702 09:09:52.647" level="INFO">Clicking element 'css=[ui-sref="course"]'.</msg>
<status status="PASS" starttime="20200702 09:09:52.647" endtime="20200702 09:09:52.683"></status>
</kw>
<kw name="Click Element" library="SeleniumLibrary">
<doc>Click the element identified by ``locator``.</doc>
<arguments>
<arg>css=[ng-click="showAddOne=true"</arg>
</arguments>
<msg timestamp="20200702 09:09:52.684" level="INFO">Clicking element 'css=[ng-click="showAddOne=true"'.</msg>
<status status="PASS" starttime="20200702 09:09:52.683" endtime="20200702 09:09:52.770"></status>
</kw>
<kw name="Input Text" library="SeleniumLibrary">
<doc>Types the given ``text`` into the text field identified by ``locator``.</doc>
<arguments>
<arg>css=[ng-model="addData.name"]</arg>
<arg>${name}</arg>
</arguments>
<msg timestamp="20200702 09:09:52.771" level="INFO">Typing text '初中语文' into text field 'css=[ng-model="addData.name"]'.</msg>
<status status="PASS" starttime="20200702 09:09:52.770" endtime="20200702 09:09:52.938"></status>
</kw>
<kw name="Input Text" library="SeleniumLibrary">
<doc>Types the given ``text`` into the text field identified by ``locator``.</doc>
<arguments>
<arg>css=[ng-model="addData.desc"]</arg>
<arg>${desc}</arg>
</arguments>
<msg timestamp="20200702 09:09:52.939" level="INFO">Typing text '初中语文描述' into text field 'css=[ng-model="addData.desc"]'.</msg>
<status status="PASS" starttime="20200702 09:09:52.938" endtime="20200702 09:09:53.036"></status>
</kw>
<kw name="Input Text" library="SeleniumLibrary">
<doc>Types the given ``text`` into the text field identified by ``locator``.</doc>
<arguments>
<arg>css=input[ng-model="addData.display_idx"]</arg>
<arg>${idx}</arg>
</arguments>
<msg timestamp="20200702 09:09:53.037" level="INFO">Typing text '1' into text field 'css=input[ng-model="addData.display_idx"]'.</msg>
<status status="PASS" starttime="20200702 09:09:53.037" endtime="20200702 09:09:53.128"></status>
</kw>
<kw name="Click Element" library="SeleniumLibrary">
<doc>Click the element identified by ``locator``.</doc>
<arguments>
<arg>css=[ng-click="addOne()"]</arg>
</arguments>
<msg timestamp="20200702 09:09:53.129" level="INFO">Clicking element 'css=[ng-click="addOne()"]'.</msg>
<status status="PASS" starttime="20200702 09:09:53.129" endtime="20200702 09:09:53.189"></status>
</kw>
<status status="PASS" starttime="20200702 09:09:52.647" endtime="20200702 09:09:53.189"></status>
</kw>
<kw name="addTraining" library="rc">
<arguments>
<arg>培训班（初中班）</arg>
<arg>这是一个培训班</arg>
<arg>1</arg>
<arg>初中语文</arg>
</arguments>
<kw name="Click Element" library="SeleniumLibrary">
<doc>Click the element identified by ``locator``.</doc>
<arguments>
<arg>css=[ui-sref="training"]</arg>
</arguments>
<msg timestamp="20200702 09:09:53.190" level="INFO">Clicking element 'css=[ui-sref="training"]'.</msg>
<status status="PASS" starttime="20200702 09:09:53.190" endtime="20200702 09:09:53.238"></status>
</kw>
<kw name="Click Element" library="SeleniumLibrary">
<doc>Click the element identified by ``locator``.</doc>
<arguments>
<arg>css=[ng-click="showAddOne=true"]</arg>
</arguments>
<msg timestamp="20200702 09:09:53.239" level="INFO">Clicking element 'css=[ng-click="showAddOne=true"]'.</msg>
<status status="PASS" starttime="20200702 09:09:53.239" endtime="20200702 09:09:53.335"></status>
</kw>
<kw name="Input Text" library="SeleniumLibrary">
<doc>Types the given ``text`` into the text field identified by ``locator``.</doc>
<arguments>
<arg>css=[ng-model="addEditData.name"]</arg>
<arg>${name}</arg>
</arguments>
<msg timestamp="20200702 09:09:53.336" level="INFO">Typing text '培训班（初中班）' into text field 'css=[ng-model="addEditData.name"]'.</msg>
<status status="PASS" starttime="20200702 09:09:53.335" endtime="20200702 09:09:53.508"></status>
</kw>
<kw name="Input Text" library="SeleniumLibrary">
<doc>Types the given ``text`` into the text field identified by ``locator``.</doc>
<arguments>
<arg>css=[ng-model="addEditData.desc"]</arg>
<arg>${desc}</arg>
</arguments>
<msg timestamp="20200702 09:09:53.509" level="INFO">Typing text '这是一个培训班' into text field 'css=[ng-model="addEditData.desc"]'.</msg>
<status status="PASS" starttime="20200702 09:09:53.508" endtime="20200702 09:09:53.621"></status>
</kw>
<kw name="Input Text" library="SeleniumLibrary">
<doc>Types the given ``text`` into the text field identified by ``locator``.</doc>
<arguments>
<arg>css=[ng-model="addEditData.display_idx"]</arg>
<arg>${idx}</arg>
</arguments>
<msg timestamp="20200702 09:09:53.622" level="INFO">Typing text '1' into text field 'css=[ng-model="addEditData.display_idx"]'.</msg>
<status status="PASS" starttime="20200702 09:09:53.622" endtime="20200702 09:09:53.724"></status>
</kw>
<kw name="Select From List By Label" library="SeleniumLibrary">
<doc>Selects options from selection list ``locator`` by ``labels``.</doc>
<arguments>
<arg>css=[ng-model="$parent.courseSelected"]</arg>
<arg>${training}</arg>
</arguments>
<msg timestamp="20200702 09:09:53.725" level="INFO">Selecting options from selection list 'css=[ng-model="$parent.courseSelected"]' by label 初中语文.</msg>
<status status="PASS" starttime="20200702 09:09:53.725" endtime="20200702 09:09:53.825"></status>
</kw>
<kw name="Click Element" library="SeleniumLibrary">
<doc>Click the element identified by ``locator``.</doc>
<arguments>
<arg>css=[ng-click="addEditData.addTeachCourse()"]</arg>
</arguments>
<msg timestamp="20200702 09:09:53.826" level="INFO">Clicking element 'css=[ng-click="addEditData.addTeachCourse()"]'.</msg>
<status status="PASS" starttime="20200702 09:09:53.825" endtime="20200702 09:09:53.910"></status>
</kw>
<kw name="Click Element" library="SeleniumLibrary">
<doc>Click the element identified by ``locator``.</doc>
<arguments>
<arg>css=[ng-click="addOne()"]</arg>
</arguments>
<msg timestamp="20200702 09:09:53.912" level="INFO">Clicking element 'css=[ng-click="addOne()"]'.</msg>
<status status="PASS" starttime="20200702 09:09:53.911" endtime="20200702 09:09:53.975"></status>
</kw>
<status status="PASS" starttime="20200702 09:09:53.189" endtime="20200702 09:09:53.975"></status>
</kw>
<status status="PASS" starttime="20200702 09:09:46.702" endtime="20200702 09:09:53.975"></status>
</kw>
<kw name="addTrainingGrade" library="rc">
<arguments>
<arg>培训班初中期</arg>
<arg>这是一个培训班期</arg>
<arg>1</arg>
<arg>培训班（初中班）</arg>
</arguments>
<kw name="Click Element" library="SeleniumLibrary">
<doc>Click the element identified by ``locator``.</doc>
<arguments>
<arg>css=[ui-sref="traininggrade"]</arg>
</arguments>
<msg timestamp="20200702 09:09:53.976" level="INFO">Clicking element 'css=[ui-sref="traininggrade"]'.</msg>
<status status="PASS" starttime="20200702 09:09:53.976" endtime="20200702 09:09:54.041"></status>
</kw>
<kw name="Click Element" library="SeleniumLibrary">
<doc>Click the element identified by ``locator``.</doc>
<arguments>
<arg>css=[ng-click="showAddOne=true"]</arg>
</arguments>
<msg timestamp="20200702 09:09:54.042" level="INFO">Clicking element 'css=[ng-click="showAddOne=true"]'.</msg>
<status status="PASS" starttime="20200702 09:09:54.042" endtime="20200702 09:09:54.133"></status>
</kw>
<kw name="Input Text" library="SeleniumLibrary">
<doc>Types the given ``text`` into the text field identified by ``locator``.</doc>
<arguments>
<arg>css=[ng-model="addEditData.name"]</arg>
<arg>${name}</arg>
</arguments>
<msg timestamp="20200702 09:09:54.134" level="INFO">Typing text '培训班初中期' into text field 'css=[ng-model="addEditData.name"]'.</msg>
<status status="PASS" starttime="20200702 09:09:54.134" endtime="20200702 09:09:54.252"></status>
</kw>
<kw name="Input Text" library="SeleniumLibrary">
<doc>Types the given ``text`` into the text field identified by ``locator``.</doc>
<arguments>
<arg>css=[ng-model="addEditData.desc"]</arg>
<arg>${desc}</arg>
</arguments>
<msg timestamp="20200702 09:09:54.253" level="INFO">Typing text '这是一个培训班期' into text field 'css=[ng-model="addEditData.desc"]'.</msg>
<status status="PASS" starttime="20200702 09:09:54.253" endtime="20200702 09:09:54.359"></status>
</kw>
<kw name="Input Text" library="SeleniumLibrary">
<doc>Types the given ``text`` into the text field identified by ``locator``.</doc>
<arguments>
<arg>css=[ng-model="addEditData.display_idx"]</arg>
<arg>${idx}</arg>
</arguments>
<msg timestamp="20200702 09:09:54.359" level="INFO">Typing text '1' into text field 'css=[ng-model="addEditData.display_idx"]'.</msg>
<status status="PASS" starttime="20200702 09:09:54.359" endtime="20200702 09:09:54.444"></status>
</kw>
<kw name="Select From List By Label" library="SeleniumLibrary">
<doc>Selects options from selection list ``locator`` by ``labels``.</doc>
<arguments>
<arg>css=[ng-model="$parent.addEditData.training_id"]</arg>
<arg>${traininggrade}</arg>
</arguments>
<msg timestamp="20200702 09:09:54.445" level="INFO">Selecting options from selection list 'css=[ng-model="$parent.addEditData.training_id"]' by label 培训班（初中班）.</msg>
<status status="PASS" starttime="20200702 09:09:54.444" endtime="20200702 09:09:54.522"></status>
</kw>
<kw name="Click Element" library="SeleniumLibrary">
<doc>Click the element identified by ``locator``.</doc>
<arguments>
<arg>css=[ng-click="addOne()"]</arg>
</arguments>
<msg timestamp="20200702 09:09:54.523" level="INFO">Clicking element 'css=[ng-click="addOne()"]'.</msg>
<status status="PASS" starttime="20200702 09:09:54.523" endtime="20200702 09:09:54.571"></status>
</kw>
<status status="PASS" starttime="20200702 09:09:53.976" endtime="20200702 09:09:54.571"></status>
</kw>
<kw name="checkTrainingGrade" library="rc">
<arguments>
<arg>培训班初中期</arg>
</arguments>
<kw name="Click Element" library="SeleniumLibrary">
<doc>Click the element identified by ``locator``.</doc>
<arguments>
<arg>css=[ui-sref="traininggrade"]</arg>
</arguments>
<msg timestamp="20200702 09:09:54.573" level="INFO">Clicking element 'css=[ui-sref="traininggrade"]'.</msg>
<status status="PASS" starttime="20200702 09:09:54.572" endtime="20200702 09:09:54.620"></status>
</kw>
<kw name="Get Text" library="SeleniumLibrary">
<doc>Returns the text value of the element identified by ``locator``.</doc>
<arguments>
<arg>css=tbody td:nth-child(2)</arg>
</arguments>
<assign>
<var>${traininggrade}</var>
</assign>
<msg timestamp="20200702 09:09:54.720" level="INFO">${traininggrade} = 培训班初中期</msg>
<status status="PASS" starttime="20200702 09:09:54.621" endtime="20200702 09:09:54.720"></status>
</kw>
<kw name="Should Be True" library="BuiltIn">
<doc>Fails if the given condition is not true.</doc>
<arguments>
<arg>$traininggrade== $expect</arg>
</arguments>
<status status="PASS" starttime="20200702 09:09:54.720" endtime="20200702 09:09:54.721"></status>
</kw>
<status status="PASS" starttime="20200702 09:09:54.572" endtime="20200702 09:09:54.721"></status>
</kw>
<kw name="Run Keywords" library="BuiltIn" type="teardown">
<doc>Executes all the given keywords in a sequence.</doc>
<arguments>
<arg>DeleteAllTrainingGrade</arg>
<arg>AND</arg>
<arg>DeleteAllTraining</arg>
<arg>AND</arg>
<arg>DeleteAllCourse</arg>
</arguments>
<kw name="deleteAllTrainingGrade" library="rc">
<kw name="Click Element" library="SeleniumLibrary">
<doc>Click the element identified by ``locator``.</doc>
<arguments>
<arg>css=[ui-sref="traininggrade"]</arg>
</arguments>
<msg timestamp="20200702 09:09:54.723" level="INFO">Clicking element 'css=[ui-sref="traininggrade"]'.</msg>
<status status="PASS" starttime="20200702 09:09:54.723" endtime="20200702 09:09:54.769"></status>
</kw>
<kw name="Set Selenium Implicit Wait" library="SeleniumLibrary">
<doc>Sets the implicit wait value used by Selenium.</doc>
<arguments>
<arg>2</arg>
</arguments>
<status status="PASS" starttime="20200702 09:09:54.770" endtime="20200702 09:09:54.771"></status>
</kw>
<kw name="${i} IN RANGE [ 9999 ]" type="for">
<kw name="${i} = 0" type="foritem">
<kw name="Get WebElements" library="SeleniumLibrary">
<doc>Returns a list of WebElement objects matching the ``locator``.</doc>
<arguments>
<arg>CSS=[ng-click="delOne(one)"]</arg>
</arguments>
<assign>
<var>${del_btns}</var>
</assign>
<msg timestamp="20200702 09:09:54.783" level="INFO">${del_btns} = [&lt;selenium.webdriver.remote.webelement.WebElement (session="a8930c33fc6c23d6e2d1d727146b5d58", element="bdd01a3a-7b12-4eab-80dc-b84bc30b872b")&gt;]</msg>
<status status="PASS" starttime="20200702 09:09:54.771" endtime="20200702 09:09:54.783"></status>
</kw>
<kw name="Exit For Loop If" library="BuiltIn">
<doc>Stops executing the enclosing for loop if the ``condition`` is true.</doc>
<arguments>
<arg>$del_btns==[]</arg>
</arguments>
<status status="PASS" starttime="20200702 09:09:54.783" endtime="20200702 09:09:54.784"></status>
</kw>
<kw name="Click Element" library="SeleniumLibrary">
<doc>Click the element identified by ``locator``.</doc>
<arguments>
<arg>${del_btns[0]}</arg>
</arguments>
<msg timestamp="20200702 09:09:54.784" level="INFO">Clicking element '&lt;selenium.webdriver.remote.webelement.WebElement (session="a8930c33fc6c23d6e2d1d727146b5d58", element="bdd01a3a-7b12-4eab-80dc-b84bc30b872b")&gt;'.</msg>
<status status="PASS" starttime="20200702 09:09:54.784" endtime="20200702 09:09:54.851"></status>
</kw>
<kw name="Sleep" library="BuiltIn">
<doc>Pauses the test executed for the given time.</doc>
<arguments>
<arg>1</arg>
</arguments>
<msg timestamp="20200702 09:09:55.851" level="INFO">Slept 1 second</msg>
<status status="PASS" starttime="20200702 09:09:54.851" endtime="20200702 09:09:55.851"></status>
</kw>
<kw name="Click Element" library="SeleniumLibrary">
<doc>Click the element identified by ``locator``.</doc>
<arguments>
<arg>css=.btn-primary</arg>
</arguments>
<msg timestamp="20200702 09:09:55.851" level="INFO">Clicking element 'css=.btn-primary'.</msg>
<status status="PASS" starttime="20200702 09:09:55.851" endtime="20200702 09:09:55.904"></status>
</kw>
<kw name="Sleep" library="BuiltIn">
<doc>Pauses the test executed for the given time.</doc>
<arguments>
<arg>2</arg>
</arguments>
<msg timestamp="20200702 09:09:57.906" level="INFO">Slept 2 seconds</msg>
<status status="PASS" starttime="20200702 09:09:55.904" endtime="20200702 09:09:57.906"></status>
</kw>
<status status="PASS" starttime="20200702 09:09:54.771" endtime="20200702 09:09:57.906"></status>
</kw>
<kw name="${i} = 1" type="foritem">
<kw name="Get WebElements" library="SeleniumLibrary">
<doc>Returns a list of WebElement objects matching the ``locator``.</doc>
<arguments>
<arg>CSS=[ng-click="delOne(one)"]</arg>
</arguments>
<assign>
<var>${del_btns}</var>
</assign>
<msg timestamp="20200702 09:09:59.962" level="INFO">${del_btns} = []</msg>
<status status="PASS" starttime="20200702 09:09:57.906" endtime="20200702 09:09:59.962"></status>
</kw>
<kw name="Exit For Loop If" library="BuiltIn">
<doc>Stops executing the enclosing for loop if the ``condition`` is true.</doc>
<arguments>
<arg>$del_btns==[]</arg>
</arguments>
<msg timestamp="20200702 09:09:59.963" level="INFO">Exiting for loop altogether.</msg>
<status status="PASS" starttime="20200702 09:09:59.963" endtime="20200702 09:09:59.964"></status>
</kw>
<status status="PASS" starttime="20200702 09:09:57.906" endtime="20200702 09:09:59.964"></status>
</kw>
<status status="PASS" starttime="20200702 09:09:54.771" endtime="20200702 09:09:59.964"></status>
</kw>
<kw name="Set Selenium Implicit Wait" library="SeleniumLibrary">
<doc>Sets the implicit wait value used by Selenium.</doc>
<arguments>
<arg>5</arg>
</arguments>
<status status="PASS" starttime="20200702 09:09:59.964" endtime="20200702 09:09:59.965"></status>
</kw>
<status status="PASS" starttime="20200702 09:09:54.722" endtime="20200702 09:09:59.965"></status>
</kw>
<kw name="deleteAllTraining" library="rc">
<kw name="Click Element" library="SeleniumLibrary">
<doc>Click the element identified by ``locator``.</doc>
<arguments>
<arg>css=[ui-sref="training"]</arg>
</arguments>
<msg timestamp="20200702 09:09:59.966" level="INFO">Clicking element 'css=[ui-sref="training"]'.</msg>
<status status="PASS" starttime="20200702 09:09:59.966" endtime="20200702 09:10:00.051"></status>
</kw>
<kw name="Set Selenium Implicit Wait" library="SeleniumLibrary">
<doc>Sets the implicit wait value used by Selenium.</doc>
<arguments>
<arg>2</arg>
</arguments>
<status status="PASS" starttime="20200702 09:10:00.051" endtime="20200702 09:10:00.056"></status>
</kw>
<kw name="${i} IN RANGE [ 9999 ]" type="for">
<kw name="${i} = 0" type="foritem">
<kw name="Get WebElements" library="SeleniumLibrary">
<doc>Returns a list of WebElement objects matching the ``locator``.</doc>
<arguments>
<arg>CSS=[ng-click="delOne(one)"]</arg>
</arguments>
<assign>
<var>${del_btns}</var>
</assign>
<msg timestamp="20200702 09:10:00.185" level="INFO">${del_btns} = [&lt;selenium.webdriver.remote.webelement.WebElement (session="a8930c33fc6c23d6e2d1d727146b5d58", element="d55116aa-cb6a-44bf-9997-7d201e507d8d")&gt;]</msg>
<status status="PASS" starttime="20200702 09:10:00.058" endtime="20200702 09:10:00.185"></status>
</kw>
<kw name="Exit For Loop If" library="BuiltIn">
<doc>Stops executing the enclosing for loop if the ``condition`` is true.</doc>
<arguments>
<arg>$del_btns==[]</arg>
</arguments>
<status status="PASS" starttime="20200702 09:10:00.185" endtime="20200702 09:10:00.186"></status>
</kw>
<kw name="Click Element" library="SeleniumLibrary">
<doc>Click the element identified by ``locator``.</doc>
<arguments>
<arg>${del_btns[0]}</arg>
</arguments>
<msg timestamp="20200702 09:10:00.187" level="INFO">Clicking element '&lt;selenium.webdriver.remote.webelement.WebElement (session="a8930c33fc6c23d6e2d1d727146b5d58", element="d55116aa-cb6a-44bf-9997-7d201e507d8d")&gt;'.</msg>
<status status="PASS" starttime="20200702 09:10:00.186" endtime="20200702 09:10:00.234"></status>
</kw>
<kw name="Sleep" library="BuiltIn">
<doc>Pauses the test executed for the given time.</doc>
<arguments>
<arg>1</arg>
</arguments>
<msg timestamp="20200702 09:10:01.234" level="INFO">Slept 1 second</msg>
<status status="PASS" starttime="20200702 09:10:00.234" endtime="20200702 09:10:01.234"></status>
</kw>
<kw name="Click Element" library="SeleniumLibrary">
<doc>Click the element identified by ``locator``.</doc>
<arguments>
<arg>css=.btn-primary</arg>
</arguments>
<msg timestamp="20200702 09:10:01.234" level="INFO">Clicking element 'css=.btn-primary'.</msg>
<status status="PASS" starttime="20200702 09:10:01.234" endtime="20200702 09:10:01.286"></status>
</kw>
<kw name="Sleep" library="BuiltIn">
<doc>Pauses the test executed for the given time.</doc>
<arguments>
<arg>2</arg>
</arguments>
<msg timestamp="20200702 09:10:03.288" level="INFO">Slept 2 seconds</msg>
<status status="PASS" starttime="20200702 09:10:01.286" endtime="20200702 09:10:03.288"></status>
</kw>
<status status="PASS" starttime="20200702 09:10:00.057" endtime="20200702 09:10:03.288"></status>
</kw>
<kw name="${i} = 1" type="foritem">
<kw name="Get WebElements" library="SeleniumLibrary">
<doc>Returns a list of WebElement objects matching the ``locator``.</doc>
<arguments>
<arg>CSS=[ng-click="delOne(one)"]</arg>
</arguments>
<assign>
<var>${del_btns}</var>
</assign>
<msg timestamp="20200702 09:10:05.319" level="INFO">${del_btns} = []</msg>
<status status="PASS" starttime="20200702 09:10:03.288" endtime="20200702 09:10:05.319"></status>
</kw>
<kw name="Exit For Loop If" library="BuiltIn">
<doc>Stops executing the enclosing for loop if the ``condition`` is true.</doc>
<arguments>
<arg>$del_btns==[]</arg>
</arguments>
<msg timestamp="20200702 09:10:05.320" level="INFO">Exiting for loop altogether.</msg>
<status status="PASS" starttime="20200702 09:10:05.320" endtime="20200702 09:10:05.321"></status>
</kw>
<status status="PASS" starttime="20200702 09:10:03.288" endtime="20200702 09:10:05.321"></status>
</kw>
<status status="PASS" starttime="20200702 09:10:00.057" endtime="20200702 09:10:05.321"></status>
</kw>
<kw name="Set Selenium Implicit Wait" library="SeleniumLibrary">
<doc>Sets the implicit wait value used by Selenium.</doc>
<arguments>
<arg>5</arg>
</arguments>
<status status="PASS" starttime="20200702 09:10:05.321" endtime="20200702 09:10:05.322"></status>
</kw>
<status status="PASS" starttime="20200702 09:09:59.966" endtime="20200702 09:10:05.322"></status>
</kw>
<kw name="deleteAllCourse" library="rc">
<kw name="Click Element" library="SeleniumLibrary">
<doc>Click the element identified by ``locator``.</doc>
<arguments>
<arg>css=[ui-sref="course"]</arg>
</arguments>
<msg timestamp="20200702 09:10:05.323" level="INFO">Clicking element 'css=[ui-sref="course"]'.</msg>
<status status="PASS" starttime="20200702 09:10:05.323" endtime="20200702 09:10:05.398"></status>
</kw>
<kw name="Set Selenium Implicit Wait" library="SeleniumLibrary">
<doc>Sets the implicit wait value used by Selenium.</doc>
<arguments>
<arg>1</arg>
</arguments>
<status status="PASS" starttime="20200702 09:10:05.399" endtime="20200702 09:10:05.401"></status>
</kw>
<kw name="${i} IN RANGE [ 9999 ]" type="for">
<kw name="${i} = 0" type="foritem">
<kw name="Get WebElements" library="SeleniumLibrary">
<doc>Returns a list of WebElement objects matching the ``locator``.</doc>
<arguments>
<arg>CSS=[ng-click="delOne(one)"]</arg>
</arguments>
<assign>
<var>${del_btns}</var>
</assign>
<msg timestamp="20200702 09:10:05.417" level="INFO">${del_btns} = [&lt;selenium.webdriver.remote.webelement.WebElement (session="a8930c33fc6c23d6e2d1d727146b5d58", element="5719a6ce-04a6-475d-bb34-7af282389bc4")&gt;]</msg>
<status status="PASS" starttime="20200702 09:10:05.402" endtime="20200702 09:10:05.417"></status>
</kw>
<kw name="Exit For Loop If" library="BuiltIn">
<doc>Stops executing the enclosing for loop if the ``condition`` is true.</doc>
<arguments>
<arg>$del_btns==[]</arg>
</arguments>
<status status="PASS" starttime="20200702 09:10:05.417" endtime="20200702 09:10:05.419"></status>
</kw>
<kw name="Click Element" library="SeleniumLibrary">
<doc>Click the element identified by ``locator``.</doc>
<arguments>
<arg>${del_btns[0]}</arg>
</arguments>
<msg timestamp="20200702 09:10:05.419" level="INFO">Clicking element '&lt;selenium.webdriver.remote.webelement.WebElement (session="a8930c33fc6c23d6e2d1d727146b5d58", element="5719a6ce-04a6-475d-bb34-7af282389bc4")&gt;'.</msg>
<status status="PASS" starttime="20200702 09:10:05.419" endtime="20200702 09:10:05.474"></status>
</kw>
<kw name="Click Element" library="SeleniumLibrary">
<doc>Click the element identified by ``locator``.</doc>
<arguments>
<arg>css=.btn-primary</arg>
</arguments>
<msg timestamp="20200702 09:10:05.474" level="INFO">Clicking element 'css=.btn-primary'.</msg>
<status status="PASS" starttime="20200702 09:10:05.474" endtime="20200702 09:10:05.706"></status>
</kw>
<kw name="Sleep" library="BuiltIn">
<doc>Pauses the test executed for the given time.</doc>
<arguments>
<arg>1</arg>
</arguments>
<msg timestamp="20200702 09:10:06.708" level="INFO">Slept 1 second</msg>
<status status="PASS" starttime="20200702 09:10:05.707" endtime="20200702 09:10:06.708"></status>
</kw>
<status status="PASS" starttime="20200702 09:10:05.402" endtime="20200702 09:10:06.708"></status>
</kw>
<kw name="${i} = 1" type="foritem">
<kw name="Get WebElements" library="SeleniumLibrary">
<doc>Returns a list of WebElement objects matching the ``locator``.</doc>
<arguments>
<arg>CSS=[ng-click="delOne(one)"]</arg>
</arguments>
<assign>
<var>${del_btns}</var>
</assign>
<msg timestamp="20200702 09:10:07.756" level="INFO">${del_btns} = []</msg>
<status status="PASS" starttime="20200702 09:10:06.708" endtime="20200702 09:10:07.756"></status>
</kw>
<kw name="Exit For Loop If" library="BuiltIn">
<doc>Stops executing the enclosing for loop if the ``condition`` is true.</doc>
<arguments>
<arg>$del_btns==[]</arg>
</arguments>
<msg timestamp="20200702 09:10:07.757" level="INFO">Exiting for loop altogether.</msg>
<status status="PASS" starttime="20200702 09:10:07.757" endtime="20200702 09:10:07.758"></status>
</kw>
<status status="PASS" starttime="20200702 09:10:06.708" endtime="20200702 09:10:07.758"></status>
</kw>
<status status="PASS" starttime="20200702 09:10:05.401" endtime="20200702 09:10:07.758"></status>
</kw>
<kw name="Set Selenium Implicit Wait" library="SeleniumLibrary">
<doc>Sets the implicit wait value used by Selenium.</doc>
<arguments>
<arg>10</arg>
</arguments>
<status status="PASS" starttime="20200702 09:10:07.758" endtime="20200702 09:10:07.759"></status>
</kw>
<status status="PASS" starttime="20200702 09:10:05.322" endtime="20200702 09:10:07.759"></status>
</kw>
<status status="PASS" starttime="20200702 09:09:54.722" endtime="20200702 09:10:07.760"></status>
</kw>
<status status="PASS" starttime="20200702 09:09:46.700" endtime="20200702 09:10:07.760" critical="yes"></status>
</test>
<status status="PASS" starttime="20200702 09:09:46.667" endtime="20200702 09:10:07.763"></status>
</suite>
<status status="PASS" starttime="20200702 09:09:46.658" endtime="20200702 09:10:07.767"></status>
</suite>
<status status="PASS" starttime="20200702 09:09:45.557" endtime="20200702 09:10:07.772"></status>
</suite>
<kw name="teardownwebtest" library="rc" type="teardown">
<kw name="Close Browser" library="SeleniumLibrary">
<doc>Closes the current browser.</doc>
<status status="PASS" starttime="20200702 09:10:07.777" endtime="20200702 09:10:09.983"></status>
</kw>
<kw name="Log To Console" library="BuiltIn">
<doc>Logs the given message to the console.</doc>
<arguments>
<arg>关闭浏览器</arg>
</arguments>
<status status="PASS" starttime="20200702 09:10:09.983" endtime="20200702 09:10:09.984"></status>
</kw>
<status status="PASS" starttime="20200702 09:10:07.777" endtime="20200702 09:10:09.984"></status>
</kw>
<status status="PASS" starttime="20200702 09:09:41.276" endtime="20200702 09:10:09.984"></status>
</suite>
<status status="PASS" starttime="20200702 09:09:41.244" endtime="20200702 09:10:09.987"></status>
</suite>
<statistics>
<total>
<stat pass="1" fail="0">Critical Tests</stat>
<stat pass="1" fail="0">All Tests</stat>
</total>
<tag>
</tag>
<suite>
<stat pass="1" fail="0" id="s1" name="Tc">Tc</stat>
<stat pass="1" fail="0" id="s1-s1" name="webUI">Tc.webUI</stat>
<stat pass="1" fail="0" id="s1-s1-s1" name="管理员操作">Tc.webUI.管理员操作</stat>
<stat pass="1" fail="0" id="s1-s1-s1-s1" name="Traininggrade">Tc.webUI.管理员操作.Traininggrade</stat>
<stat pass="1" fail="0" id="s1-s1-s1-s1-s1" name="addTrainingGrade">Tc.webUI.管理员操作.Traininggrade.addTrainingGrade</stat>
</suite>
</statistics>
<errors>
<msg timestamp="20200702 09:09:46.697" level="WARN">Imported library 'pylib.webAdmin' contains no keywords.</msg>
</errors>
</robot>
