<?xml version="1.0" encoding="UTF-8"?>
<robot generator="Robot 3.1.2 (Python 3.6.5 on win32)" generated="20200623 17:28:41.690" rpa="false">
<suite id="s1" name="Vartest" source="D:\testPython\test\RF\suite5\vartest.robot">
<test id="s1-t1" name="case1">
<kw name="Log To Console" library="BuiltIn">
<doc>Logs the given message to the console.</doc>
<arguments>
<arg>${MgrLogUrl}</arg>
</arguments>
<status status="PASS" starttime="20200623 17:28:41.734" endtime="20200623 17:28:41.735"></status>
</kw>
<kw name="Log To Console" library="BuiltIn">
<doc>Logs the given message to the console.</doc>
<arguments>
<arg>${StudentLoginUrl}</arg>
</arguments>
<status status="PASS" starttime="20200623 17:28:41.735" endtime="20200623 17:28:41.736"></status>
</kw>
<kw name="Log To Console" library="BuiltIn">
<doc>Logs the given message to the console.</doc>
<arguments>
<arg>${database}</arg>
</arguments>
<status status="PASS" starttime="20200623 17:28:41.736" endtime="20200623 17:28:41.736"></status>
</kw>
<kw name="Log To Console" library="BuiltIn">
<doc>Logs the given message to the console.</doc>
<arguments>
<arg>${user1}</arg>
</arguments>
<status status="PASS" starttime="20200623 17:28:41.737" endtime="20200623 17:28:41.737"></status>
</kw>
<status status="PASS" starttime="20200623 17:28:41.734" endtime="20200623 17:28:41.737" critical="yes"></status>
</test>
<status status="PASS" starttime="20200623 17:28:41.692" endtime="20200623 17:28:41.738"></status>
</suite>
<statistics>
<total>
<stat pass="1" fail="0">Critical Tests</stat>
<stat pass="1" fail="0">All Tests</stat>
</total>
<tag>
</tag>
<suite>
<stat pass="1" fail="0" id="s1" name="Vartest">Vartest</stat>
</suite>
</statistics>
<errors>
</errors>
</robot>
