<?xml version="1.0" encoding="UTF-8"?>
<robot generator="Robot 3.1.2 (Python 3.6.5 on win32)" generated="20200623 17:11:44.833" rpa="false">
<suite id="s1" name="Vartest" source="D:\testPython\test\RF\vartest.robot">
<test id="s1-t1" name="case1">
<kw name="Log To Console" library="BuiltIn">
<doc>Logs the given message to the console.</doc>
<arguments>
<arg>${MgrLogUrl}</arg>
</arguments>
<status status="PASS" starttime="20200623 17:11:44.878" endtime="20200623 17:11:44.878"></status>
</kw>
<kw name="Log To Console" library="BuiltIn">
<doc>Logs the given message to the console.</doc>
<arguments>
<arg>${StudentLoginUrl}</arg>
</arguments>
<status status="PASS" starttime="20200623 17:11:44.879" endtime="20200623 17:11:44.881"></status>
</kw>
<kw name="Log To Console" library="BuiltIn">
<doc>Logs the given message to the console.</doc>
<arguments>
<arg>${database}</arg>
</arguments>
<status status="PASS" starttime="20200623 17:11:44.882" endtime="20200623 17:11:44.882"></status>
</kw>
<kw name="Log To Console" library="BuiltIn">
<doc>Logs the given message to the console.</doc>
<arguments>
<arg>${user1}</arg>
</arguments>
<status status="PASS" starttime="20200623 17:11:44.883" endtime="20200623 17:11:44.883"></status>
</kw>
<status status="PASS" starttime="20200623 17:11:44.878" endtime="20200623 17:11:44.883" critical="yes"></status>
</test>
<status status="PASS" starttime="20200623 17:11:44.835" endtime="20200623 17:11:44.884"></status>
</suite>
<statistics>
<total>
<stat pass="1" fail="0">Critical Tests</stat>
<stat pass="1" fail="0">All Tests</stat>
</total>
<tag>
</tag>
<suite>
<stat pass="1" fail="0" id="s1" name="Vartest">Vartest</stat>
</suite>
</statistics>
<errors>
</errors>
</robot>
