<?xml version="1.0" encoding="UTF-8"?>
<robot generator="Robot 3.1.2 (Python 3.6.5 on win32)" generated="20200813 17:01:21.339" rpa="false">
<suite id="s1" name="班级管理" source="D:\a-testPython\spj01\tc\d-空白数据\d-7年级1班\班级管理.robot">
<test id="s1-t1" name="添加班级2 - tc000002">
<kw name="add_school_class">
<arguments>
<arg>1</arg>
<arg>2班</arg>
<arg>60</arg>
</arguments>
<assign>
<var>${addRet}=</var>
</assign>
<msg timestamp="20200813 17:01:21.382" level="FAIL">No keyword with name 'add_school_class' found.</msg>
<status status="FAIL" starttime="20200813 17:01:21.382" endtime="20200813 17:01:21.382"></status>
</kw>
<kw name="delete_school_class" type="teardown">
<arguments>
<arg>&amp;{addRet}[id]</arg>
</arguments>
<msg timestamp="20200813 17:01:21.385" level="FAIL">No keyword with name 'delete_school_class' found.</msg>
<status status="FAIL" starttime="20200813 17:01:21.385" endtime="20200813 17:01:21.385">No keyword with name 'delete_school_class' found.</status>
</kw>
<status status="FAIL" starttime="20200813 17:01:21.379" endtime="20200813 17:01:21.386" critical="yes">No keyword with name 'add_school_class' found.

Also teardown failed:
No keyword with name 'delete_school_class' found.</status>
</test>
<test id="s1-t2" name="添加班级3 - tc000003">
<kw name="C000003.setup" type="setup">
<msg timestamp="20200813 17:01:21.390" level="FAIL">No keyword with name 'C000003.setup' found.</msg>
<status status="FAIL" starttime="20200813 17:01:21.389" endtime="20200813 17:01:21.390"></status>
</kw>
<kw name="C000003.teardown" type="teardown">
<msg timestamp="20200813 17:01:21.392" level="FAIL">No keyword with name 'C000003.teardown' found.</msg>
<status status="FAIL" starttime="20200813 17:01:21.392" endtime="20200813 17:01:21.392">No keyword with name 'C000003.teardown' found.</status>
</kw>
<status status="FAIL" starttime="20200813 17:01:21.387" endtime="20200813 17:01:21.392" critical="yes">Setup failed:
No keyword with name 'C000003.setup' found.

Also teardown failed:
No keyword with name 'C000003.teardown' found.</status>
</test>
<status status="FAIL" starttime="20200813 17:01:21.341" endtime="20200813 17:01:21.394"></status>
</suite>
<statistics>
<total>
<stat pass="0" fail="2">Critical Tests</stat>
<stat pass="0" fail="2">All Tests</stat>
</total>
<tag>
</tag>
<suite>
<stat pass="0" fail="2" id="s1" name="班级管理">班级管理</stat>
</suite>
</statistics>
<errors>
<msg timestamp="20200813 17:01:21.372" level="ERROR">Error in file 'D:\a-testPython\spj01\tc\d-空白数据\d-7年级1班\班级管理.robot': Importing test library 'pylib.SchoolClassLib' failed: ModuleNotFoundError: No module named 'pylib'
Traceback (most recent call last):
  None
PYTHONPATH:
  D:\python\Scripts\robot.exe
  d:\python\python36.zip
  d:\python\DLLs
  d:\python\lib
  d:\python
  d:\python\lib\site-packages
  d:\python\lib\site-packages\win32
  d:\python\lib\site-packages\win32\lib
  d:\python\lib\site-packages\Pythonwin</msg>
<msg timestamp="20200813 17:01:21.376" level="ERROR">Error in file 'D:\a-testPython\spj01\tc\d-空白数据\d-7年级1班\班级管理.robot': Importing test library 'D:\a-testPython\spj01\tc\d-空白数据\d-7年级1班\cases\c000003.py' failed: ModuleNotFoundError: No module named 'pylib'
Traceback (most recent call last):
  File "D:\a-testPython\spj01\tc\d-空白数据\d-7年级1班\cases\c000003.py", line 3, in &lt;module&gt;
    from pylib.SchoolClassLib import SchoolClassLib
PYTHONPATH:
  D:\python\Scripts\robot.exe
  d:\python\python36.zip
  d:\python\DLLs
  d:\python\lib
  d:\python
  d:\python\lib\site-packages
  d:\python\lib\site-packages\win32
  d:\python\lib\site-packages\win32\lib
  d:\python\lib\site-packages\Pythonwin</msg>
</errors>
</robot>
