<?xml version="1.0" encoding="UTF-8"?>
<robot generator="Robot 3.1.2 (Python 3.6.5 on win32)" generated="20200611 15:46:49.331" rpa="false">
<suite id="s1" name="T1" source="D:\testPython\test\RF\homework2\t1.robot">
<test id="s1-t1" name="case1">
<kw name="List Course" library="course_mgr">
<assign>
<var>${courses}</var>
</assign>
<msg timestamp="20200611 15:46:51.698" level="INFO">${courses} = ['大学英语1573961896814', '高中物理0001', '高中物理00013', '高中物理00015顶22222', '高中物理00015顶22222wwww', '初中化学1573916385932', '初中化学33333332', '初中化学q2323', '初中化学1573961141814', '大学英语', '大学英语大学英语大学英语大学英语大学英语', '大学英语大学英...</msg>
<status status="PASS" starttime="20200611 15:46:49.684" endtime="20200611 15:46:51.698"></status>
</kw>
<kw name="${cour} IN [ @{courses} ]" type="for">
<kw name="${cour} = 大学英语1573961896814" type="foritem">
<kw name="Log To Console" library="BuiltIn">
<doc>Logs the given message to the console.</doc>
<arguments>
<arg>${cour}</arg>
</arguments>
<status status="PASS" starttime="20200611 15:46:51.699" endtime="20200611 15:46:51.700"></status>
</kw>
<status status="PASS" starttime="20200611 15:46:51.699" endtime="20200611 15:46:51.700"></status>
</kw>
<kw name="${cour} = 高中物理0001" type="foritem">
<kw name="Log To Console" library="BuiltIn">
<doc>Logs the given message to the console.</doc>
<arguments>
<arg>${cour}</arg>
</arguments>
<status status="PASS" starttime="20200611 15:46:51.700" endtime="20200611 15:46:51.700"></status>
</kw>
<status status="PASS" starttime="20200611 15:46:51.700" endtime="20200611 15:46:51.701"></status>
</kw>
<kw name="${cour} = 高中物理00013" type="foritem">
<kw name="Log To Console" library="BuiltIn">
<doc>Logs the given message to the console.</doc>
<arguments>
<arg>${cour}</arg>
</arguments>
<status status="PASS" starttime="20200611 15:46:51.701" endtime="20200611 15:46:51.701"></status>
</kw>
<status status="PASS" starttime="20200611 15:46:51.701" endtime="20200611 15:46:51.701"></status>
</kw>
<kw name="${cour} = 高中物理00015顶22222" type="foritem">
<kw name="Log To Console" library="BuiltIn">
<doc>Logs the given message to the console.</doc>
<arguments>
<arg>${cour}</arg>
</arguments>
<status status="PASS" starttime="20200611 15:46:51.701" endtime="20200611 15:46:51.702"></status>
</kw>
<status status="PASS" starttime="20200611 15:46:51.701" endtime="20200611 15:46:51.702"></status>
</kw>
<kw name="${cour} = 高中物理00015顶22222wwww" type="foritem">
<kw name="Log To Console" library="BuiltIn">
<doc>Logs the given message to the console.</doc>
<arguments>
<arg>${cour}</arg>
</arguments>
<status status="PASS" starttime="20200611 15:46:51.702" endtime="20200611 15:46:51.703"></status>
</kw>
<status status="PASS" starttime="20200611 15:46:51.702" endtime="20200611 15:46:51.703"></status>
</kw>
<kw name="${cour} = 初中化学1573916385932" type="foritem">
<kw name="Log To Console" library="BuiltIn">
<doc>Logs the given message to the console.</doc>
<arguments>
<arg>${cour}</arg>
</arguments>
<status status="PASS" starttime="20200611 15:46:51.703" endtime="20200611 15:46:51.703"></status>
</kw>
<status status="PASS" starttime="20200611 15:46:51.703" endtime="20200611 15:46:51.703"></status>
</kw>
<kw name="${cour} = 初中化学33333332" type="foritem">
<kw name="Log To Console" library="BuiltIn">
<doc>Logs the given message to the console.</doc>
<arguments>
<arg>${cour}</arg>
</arguments>
<status status="PASS" starttime="20200611 15:46:51.704" endtime="20200611 15:46:51.704"></status>
</kw>
<status status="PASS" starttime="20200611 15:46:51.703" endtime="20200611 15:46:51.704"></status>
</kw>
<kw name="${cour} = 初中化学q2323" type="foritem">
<kw name="Log To Console" library="BuiltIn">
<doc>Logs the given message to the console.</doc>
<arguments>
<arg>${cour}</arg>
</arguments>
<status status="PASS" starttime="20200611 15:46:51.704" endtime="20200611 15:46:51.705"></status>
</kw>
<status status="PASS" starttime="20200611 15:46:51.704" endtime="20200611 15:46:51.705"></status>
</kw>
<kw name="${cour} = 初中化学1573961141814" type="foritem">
<kw name="Log To Console" library="BuiltIn">
<doc>Logs the given message to the console.</doc>
<arguments>
<arg>${cour}</arg>
</arguments>
<status status="PASS" starttime="20200611 15:46:51.705" endtime="20200611 15:46:51.705"></status>
</kw>
<status status="PASS" starttime="20200611 15:46:51.705" endtime="20200611 15:46:51.705"></status>
</kw>
<kw name="${cour} = 大学英语" type="foritem">
<kw name="Log To Console" library="BuiltIn">
<doc>Logs the given message to the console.</doc>
<arguments>
<arg>${cour}</arg>
</arguments>
<status status="PASS" starttime="20200611 15:46:51.706" endtime="20200611 15:46:51.706"></status>
</kw>
<status status="PASS" starttime="20200611 15:46:51.706" endtime="20200611 15:46:51.706"></status>
</kw>
<kw name="${cour} = 大学英语大学英语大学英语大学英语大学英语" type="foritem">
<kw name="Log To Console" library="BuiltIn">
<doc>Logs the given message to the console.</doc>
<arguments>
<arg>${cour}</arg>
</arguments>
<status status="PASS" starttime="20200611 15:46:51.706" endtime="20200611 15:46:51.707"></status>
</kw>
<status status="PASS" starttime="20200611 15:46:51.706" endtime="20200611 15:46:51.707"></status>
</kw>
<kw name="${cour} = 大学英语大学英语大学" type="foritem">
<kw name="Log To Console" library="BuiltIn">
<doc>Logs the given message to the console.</doc>
<arguments>
<arg>${cour}</arg>
</arguments>
<status status="PASS" starttime="20200611 15:46:51.707" endtime="20200611 15:46:51.707"></status>
</kw>
<status status="PASS" starttime="20200611 15:46:51.707" endtime="20200611 15:46:51.707"></status>
</kw>
<kw name="${cour} = 大学英语1573961896771" type="foritem">
<kw name="Log To Console" library="BuiltIn">
<doc>Logs the given message to the console.</doc>
<arguments>
<arg>${cour}</arg>
</arguments>
<status status="PASS" starttime="20200611 15:46:51.708" endtime="20200611 15:46:51.709"></status>
</kw>
<status status="PASS" starttime="20200611 15:46:51.708" endtime="20200611 15:46:51.709"></status>
</kw>
<kw name="${cour} = 大学英语1573961937691" type="foritem">
<kw name="Log To Console" library="BuiltIn">
<doc>Logs the given message to the console.</doc>
<arguments>
<arg>${cour}</arg>
</arguments>
<status status="PASS" starttime="20200611 15:46:51.709" endtime="20200611 15:46:51.713"></status>
</kw>
<status status="PASS" starttime="20200611 15:46:51.709" endtime="20200611 15:46:51.713"></status>
</kw>
<status status="PASS" starttime="20200611 15:46:51.699" endtime="20200611 15:46:51.713"></status>
</kw>
<status status="PASS" starttime="20200611 15:46:49.684" endtime="20200611 15:46:51.715" critical="yes"></status>
</test>
<test id="s1-t2" name="case2">
<kw name="Open Browser" library="SeleniumLibrary">
<doc>Opens a new browser instance to the optional ``url``.</doc>
<arguments>
<arg>https://www.vmall.com/</arg>
<arg>chrome</arg>
</arguments>
<msg timestamp="20200611 15:46:51.721" level="INFO">Opening browser 'chrome' to base url 'https://www.vmall.com/'.</msg>
<status status="PASS" starttime="20200611 15:46:51.720" endtime="20200611 15:46:56.361"></status>
</kw>
<kw name="Set Selenium Implicit Wait" library="SeleniumLibrary">
<doc>Sets the implicit wait value used by Selenium.</doc>
<arguments>
<arg>10</arg>
</arguments>
<status status="PASS" starttime="20200611 15:46:56.362" endtime="20200611 15:46:56.364"></status>
</kw>
<kw name="Get WebElements" library="SeleniumLibrary">
<doc>Returns a list of WebElement objects matching the ``locator``.</doc>
<arguments>
<arg>css=.home-recommend-goods.home-hot-goods.grid-title</arg>
</arguments>
<assign>
<var>${goods}</var>
</assign>
<msg timestamp="20200611 15:47:06.406" level="INFO">${goods} = []</msg>
<status status="PASS" starttime="20200611 15:46:56.364" endtime="20200611 15:47:06.406"></status>
</kw>
<kw name="Evaluate" library="BuiltIn">
<doc>Evaluates the given expression in Python and returns the results.</doc>
<arguments>
<arg>[good.text for good in $goods]</arg>
</arguments>
<assign>
<var>${res}</var>
</assign>
<msg timestamp="20200611 15:47:06.414" level="INFO">${res} = []</msg>
<status status="PASS" starttime="20200611 15:47:06.406" endtime="20200611 15:47:06.414"></status>
</kw>
<kw name="Log To Console" library="BuiltIn">
<doc>Logs the given message to the console.</doc>
<arguments>
<arg>${res}</arg>
</arguments>
<status status="PASS" starttime="20200611 15:47:06.414" endtime="20200611 15:47:06.414"></status>
</kw>
<kw name="Close Browser" library="SeleniumLibrary">
<doc>Closes the current browser.</doc>
<status status="PASS" starttime="20200611 15:47:06.418" endtime="20200611 15:47:08.659"></status>
</kw>
<status status="PASS" starttime="20200611 15:46:51.719" endtime="20200611 15:47:08.660" critical="yes"></status>
</test>
<status status="PASS" starttime="20200611 15:46:49.334" endtime="20200611 15:47:08.664"></status>
</suite>
<statistics>
<total>
<stat pass="2" fail="0">Critical Tests</stat>
<stat pass="2" fail="0">All Tests</stat>
</total>
<tag>
</tag>
<suite>
<stat pass="2" fail="0" id="s1" name="T1">T1</stat>
</suite>
</statistics>
<errors>
</errors>
</robot>
