<?xml version="1.0" encoding="UTF-8"?>
<robot generator="Robot 3.1.2 (Python 3.6.5 on win32)" generated="20200624 08:43:34.787" rpa="false">
<suite id="s1" name="Coursewk" source="D:\testPython\test\RF\suite4\coursewk.robot">
<kw name="setupwebtest" library="rc" type="setup">
<kw name="Open Browser" library="SeleniumLibrary">
<doc>Opens a new browser instance to the optional ``url``.</doc>
<arguments>
<arg>http://baidu.com</arg>
<arg>chrome</arg>
</arguments>
<msg timestamp="20200624 08:43:35.156" level="INFO">Opening browser 'chrome' to base url 'http://baidu.com'.</msg>
<status status="PASS" starttime="20200624 08:43:35.156" endtime="20200624 08:43:39.594"></status>
</kw>
<kw name="Set Selenium Implicit Wait" library="SeleniumLibrary">
<doc>Sets the implicit wait value used by Selenium.</doc>
<arguments>
<arg>10</arg>
</arguments>
<status status="PASS" starttime="20200624 08:43:39.594" endtime="20200624 08:43:39.597"></status>
</kw>
<kw name="Log To Console" library="BuiltIn">
<doc>Logs the given message to the console.</doc>
<arguments>
<arg>打开浏览器</arg>
</arguments>
<status status="PASS" starttime="20200624 08:43:39.597" endtime="20200624 08:43:39.599"></status>
</kw>
<status status="PASS" starttime="20200624 08:43:35.156" endtime="20200624 08:43:39.599"></status>
</kw>
<test id="s1-t1" name="添加课程">
<kw name="deleteALLlesson" library="rc" type="setup">
<kw name="loginwebsite" library="rc">
<kw name="Go To" library="SeleniumLibrary">
<doc>Navigates the current browser window to the provided ``url``.</doc>
<arguments>
<arg>${MgrLogUrl}</arg>
</arguments>
<msg timestamp="20200624 08:43:39.604" level="INFO">Opening url 'http://localhost/mgr/login/login.html'</msg>
<status status="PASS" starttime="20200624 08:43:39.603" endtime="20200624 08:43:40.373"></status>
</kw>
<kw name="Input Text" library="SeleniumLibrary">
<doc>Types the given ``text`` into the text field identified by ``locator``.</doc>
<arguments>
<arg>id=username</arg>
<arg>&amp;{user1}[name]</arg>
</arguments>
<msg timestamp="20200624 08:43:40.374" level="INFO">Typing text 'auto' into text field 'id=username'.</msg>
<status status="PASS" starttime="20200624 08:43:40.373" endtime="20200624 08:43:40.501"></status>
</kw>
<kw name="Input Text" library="SeleniumLibrary">
<doc>Types the given ``text`` into the text field identified by ``locator``.</doc>
<arguments>
<arg>id=password</arg>
<arg>&amp;{user1}[pw]</arg>
</arguments>
<msg timestamp="20200624 08:43:40.502" level="INFO">Typing text 'sdfsdfsdf' into text field 'id=password'.</msg>
<status status="PASS" starttime="20200624 08:43:40.501" endtime="20200624 08:43:40.630"></status>
</kw>
<kw name="Click Element" library="SeleniumLibrary">
<doc>Click the element identified by ``locator``.</doc>
<arguments>
<arg>css=.btn-success</arg>
</arguments>
<msg timestamp="20200624 08:43:40.631" level="INFO">Clicking element 'css=.btn-success'.</msg>
<status status="PASS" starttime="20200624 08:43:40.631" endtime="20200624 08:43:40.691"></status>
</kw>
<status status="PASS" starttime="20200624 08:43:39.603" endtime="20200624 08:43:40.691"></status>
</kw>
<kw name="Set Selenium Implicit Wait" library="SeleniumLibrary">
<doc>Sets the implicit wait value used by Selenium.</doc>
<arguments>
<arg>1</arg>
</arguments>
<status status="PASS" starttime="20200624 08:43:40.691" endtime="20200624 08:43:40.694"></status>
</kw>
<kw name="${i} IN RANGE [ 9999 ]" type="for">
<kw name="${i} = 0" type="foritem">
<kw name="Get WebElements" library="SeleniumLibrary">
<doc>Returns a list of WebElement objects matching the ``locator``.</doc>
<arguments>
<arg>CSS=[ng-click="delOne(one)"]</arg>
</arguments>
<assign>
<var>${del_btns}</var>
</assign>
<msg timestamp="20200624 08:43:41.472" level="INFO">${del_btns} = [&lt;selenium.webdriver.remote.webelement.WebElement (session="edfd08b498c16eabf118e0cfbdd6c1bf", element="6a55303c-1e7f-492c-bece-9ff40e74337e")&gt;]</msg>
<status status="PASS" starttime="20200624 08:43:40.695" endtime="20200624 08:43:41.473"></status>
</kw>
<kw name="Exit For Loop If" library="BuiltIn">
<doc>Stops executing the enclosing for loop if the ``condition`` is true.</doc>
<arguments>
<arg>$del_btns==[]</arg>
</arguments>
<status status="PASS" starttime="20200624 08:43:41.473" endtime="20200624 08:43:41.481"></status>
</kw>
<kw name="Click Element" library="SeleniumLibrary">
<doc>Click the element identified by ``locator``.</doc>
<arguments>
<arg>${del_btns[0]}</arg>
</arguments>
<msg timestamp="20200624 08:43:41.482" level="INFO">Clicking element '&lt;selenium.webdriver.remote.webelement.WebElement (session="edfd08b498c16eabf118e0cfbdd6c1bf", element="6a55303c-1e7f-492c-bece-9ff40e74337e")&gt;'.</msg>
<status status="PASS" starttime="20200624 08:43:41.481" endtime="20200624 08:43:41.541"></status>
</kw>
<kw name="Click Element" library="SeleniumLibrary">
<doc>Click the element identified by ``locator``.</doc>
<arguments>
<arg>css=.btn-primary</arg>
</arguments>
<msg timestamp="20200624 08:43:41.541" level="INFO">Clicking element 'css=.btn-primary'.</msg>
<status status="PASS" starttime="20200624 08:43:41.541" endtime="20200624 08:43:41.823"></status>
</kw>
<kw name="Sleep" library="BuiltIn">
<doc>Pauses the test executed for the given time.</doc>
<arguments>
<arg>1</arg>
</arguments>
<msg timestamp="20200624 08:43:42.825" level="INFO">Slept 1 second</msg>
<status status="PASS" starttime="20200624 08:43:41.823" endtime="20200624 08:43:42.825"></status>
</kw>
<status status="PASS" starttime="20200624 08:43:40.695" endtime="20200624 08:43:42.825"></status>
</kw>
<kw name="${i} = 1" type="foritem">
<kw name="Get WebElements" library="SeleniumLibrary">
<doc>Returns a list of WebElement objects matching the ``locator``.</doc>
<arguments>
<arg>CSS=[ng-click="delOne(one)"]</arg>
</arguments>
<assign>
<var>${del_btns}</var>
</assign>
<msg timestamp="20200624 08:43:43.880" level="INFO">${del_btns} = []</msg>
<status status="PASS" starttime="20200624 08:43:42.825" endtime="20200624 08:43:43.880"></status>
</kw>
<kw name="Exit For Loop If" library="BuiltIn">
<doc>Stops executing the enclosing for loop if the ``condition`` is true.</doc>
<arguments>
<arg>$del_btns==[]</arg>
</arguments>
<msg timestamp="20200624 08:43:43.881" level="INFO">Exiting for loop altogether.</msg>
<status status="PASS" starttime="20200624 08:43:43.880" endtime="20200624 08:43:43.881"></status>
</kw>
<status status="PASS" starttime="20200624 08:43:42.825" endtime="20200624 08:43:43.881"></status>
</kw>
<status status="PASS" starttime="20200624 08:43:40.694" endtime="20200624 08:43:43.882"></status>
</kw>
<kw name="Set Selenium Implicit Wait" library="SeleniumLibrary">
<doc>Sets the implicit wait value used by Selenium.</doc>
<arguments>
<arg>10</arg>
</arguments>
<status status="PASS" starttime="20200624 08:43:43.882" endtime="20200624 08:43:43.883"></status>
</kw>
<status status="PASS" starttime="20200624 08:43:39.602" endtime="20200624 08:43:43.883"></status>
</kw>
<kw name="loginwebsite" library="rc">
<kw name="Go To" library="SeleniumLibrary">
<doc>Navigates the current browser window to the provided ``url``.</doc>
<arguments>
<arg>${MgrLogUrl}</arg>
</arguments>
<msg timestamp="20200624 08:43:43.884" level="INFO">Opening url 'http://localhost/mgr/login/login.html'</msg>
<status status="PASS" starttime="20200624 08:43:43.884" endtime="20200624 08:43:43.975"></status>
</kw>
<kw name="Input Text" library="SeleniumLibrary">
<doc>Types the given ``text`` into the text field identified by ``locator``.</doc>
<arguments>
<arg>id=username</arg>
<arg>&amp;{user1}[name]</arg>
</arguments>
<msg timestamp="20200624 08:43:43.976" level="INFO">Typing text 'auto' into text field 'id=username'.</msg>
<status status="PASS" starttime="20200624 08:43:43.975" endtime="20200624 08:43:44.110"></status>
</kw>
<kw name="Input Text" library="SeleniumLibrary">
<doc>Types the given ``text`` into the text field identified by ``locator``.</doc>
<arguments>
<arg>id=password</arg>
<arg>&amp;{user1}[pw]</arg>
</arguments>
<msg timestamp="20200624 08:43:44.110" level="INFO">Typing text 'sdfsdfsdf' into text field 'id=password'.</msg>
<status status="PASS" starttime="20200624 08:43:44.110" endtime="20200624 08:43:44.253"></status>
</kw>
<kw name="Click Element" library="SeleniumLibrary">
<doc>Click the element identified by ``locator``.</doc>
<arguments>
<arg>css=.btn-success</arg>
</arguments>
<msg timestamp="20200624 08:43:44.253" level="INFO">Clicking element 'css=.btn-success'.</msg>
<status status="PASS" starttime="20200624 08:43:44.253" endtime="20200624 08:43:44.325"></status>
</kw>
<status status="PASS" starttime="20200624 08:43:43.884" endtime="20200624 08:43:44.325"></status>
</kw>
<kw name="addCourse" library="rc">
<arguments>
<arg>robot</arg>
<arg>RF框架</arg>
<arg>1</arg>
</arguments>
<kw name="Click Element" library="SeleniumLibrary">
<doc>Click the element identified by ``locator``.</doc>
<arguments>
<arg>css=[ng-click="showAddOne=true"</arg>
</arguments>
<msg timestamp="20200624 08:43:44.328" level="INFO">Clicking element 'css=[ng-click="showAddOne=true"'.</msg>
<status status="PASS" starttime="20200624 08:43:44.327" endtime="20200624 08:43:44.813"></status>
</kw>
<kw name="Input Text" library="SeleniumLibrary">
<doc>Types the given ``text`` into the text field identified by ``locator``.</doc>
<arguments>
<arg>css=[ng-model="addData.name"]</arg>
<arg>${name}</arg>
</arguments>
<msg timestamp="20200624 08:43:44.814" level="INFO">Typing text 'robot' into text field 'css=[ng-model="addData.name"]'.</msg>
<status status="PASS" starttime="20200624 08:43:44.814" endtime="20200624 08:43:44.950"></status>
</kw>
<kw name="Input Text" library="SeleniumLibrary">
<doc>Types the given ``text`` into the text field identified by ``locator``.</doc>
<arguments>
<arg>css=[ng-model="addData.desc"]</arg>
<arg>${desc}</arg>
</arguments>
<msg timestamp="20200624 08:43:44.951" level="INFO">Typing text 'RF框架' into text field 'css=[ng-model="addData.desc"]'.</msg>
<status status="PASS" starttime="20200624 08:43:44.950" endtime="20200624 08:43:45.067"></status>
</kw>
<kw name="Input Text" library="SeleniumLibrary">
<doc>Types the given ``text`` into the text field identified by ``locator``.</doc>
<arguments>
<arg>css=input[ng-model="addData.display_idx"]</arg>
<arg>${idx}</arg>
</arguments>
<msg timestamp="20200624 08:43:45.068" level="INFO">Typing text '1' into text field 'css=input[ng-model="addData.display_idx"]'.</msg>
<status status="PASS" starttime="20200624 08:43:45.067" endtime="20200624 08:43:45.185"></status>
</kw>
<kw name="Click Element" library="SeleniumLibrary">
<doc>Click the element identified by ``locator``.</doc>
<arguments>
<arg>css=[ng-click="addOne()"]</arg>
</arguments>
<msg timestamp="20200624 08:43:45.185" level="INFO">Clicking element 'css=[ng-click="addOne()"]'.</msg>
<status status="PASS" starttime="20200624 08:43:45.185" endtime="20200624 08:43:45.270"></status>
</kw>
<status status="PASS" starttime="20200624 08:43:44.326" endtime="20200624 08:43:45.270"></status>
</kw>
<kw name="checkCourse" library="rc">
<arguments>
<arg>robot</arg>
</arguments>
<kw name="Get Text" library="SeleniumLibrary">
<doc>Returns the text value of the element identified by ``locator``.</doc>
<arguments>
<arg>css=tbody td:nth-child(2)</arg>
</arguments>
<assign>
<var>${course}</var>
</assign>
<msg timestamp="20200624 08:43:45.436" level="INFO">${course} = robot</msg>
<status status="PASS" starttime="20200624 08:43:45.271" endtime="20200624 08:43:45.436"></status>
</kw>
<kw name="Should Be True" library="BuiltIn">
<doc>Fails if the given condition is not true.</doc>
<arguments>
<arg>$course== $expect</arg>
</arguments>
<status status="PASS" starttime="20200624 08:43:45.437" endtime="20200624 08:43:45.438"></status>
</kw>
<status status="PASS" starttime="20200624 08:43:45.271" endtime="20200624 08:43:45.439"></status>
</kw>
<kw name="deleteALLlesson" library="rc" type="teardown">
<kw name="loginwebsite" library="rc">
<kw name="Go To" library="SeleniumLibrary">
<doc>Navigates the current browser window to the provided ``url``.</doc>
<arguments>
<arg>${MgrLogUrl}</arg>
</arguments>
<msg timestamp="20200624 08:43:45.441" level="INFO">Opening url 'http://localhost/mgr/login/login.html'</msg>
<status status="PASS" starttime="20200624 08:43:45.440" endtime="20200624 08:43:45.538"></status>
</kw>
<kw name="Input Text" library="SeleniumLibrary">
<doc>Types the given ``text`` into the text field identified by ``locator``.</doc>
<arguments>
<arg>id=username</arg>
<arg>&amp;{user1}[name]</arg>
</arguments>
<msg timestamp="20200624 08:43:45.539" level="INFO">Typing text 'auto' into text field 'id=username'.</msg>
<status status="PASS" starttime="20200624 08:43:45.538" endtime="20200624 08:43:45.710"></status>
</kw>
<kw name="Input Text" library="SeleniumLibrary">
<doc>Types the given ``text`` into the text field identified by ``locator``.</doc>
<arguments>
<arg>id=password</arg>
<arg>&amp;{user1}[pw]</arg>
</arguments>
<msg timestamp="20200624 08:43:45.711" level="INFO">Typing text 'sdfsdfsdf' into text field 'id=password'.</msg>
<status status="PASS" starttime="20200624 08:43:45.711" endtime="20200624 08:43:45.884"></status>
</kw>
<kw name="Click Element" library="SeleniumLibrary">
<doc>Click the element identified by ``locator``.</doc>
<arguments>
<arg>css=.btn-success</arg>
</arguments>
<msg timestamp="20200624 08:43:45.884" level="INFO">Clicking element 'css=.btn-success'.</msg>
<status status="PASS" starttime="20200624 08:43:45.884" endtime="20200624 08:43:45.966"></status>
</kw>
<status status="PASS" starttime="20200624 08:43:45.440" endtime="20200624 08:43:45.967"></status>
</kw>
<kw name="Set Selenium Implicit Wait" library="SeleniumLibrary">
<doc>Sets the implicit wait value used by Selenium.</doc>
<arguments>
<arg>1</arg>
</arguments>
<status status="PASS" starttime="20200624 08:43:45.967" endtime="20200624 08:43:45.969"></status>
</kw>
<kw name="${i} IN RANGE [ 9999 ]" type="for">
<kw name="${i} = 0" type="foritem">
<kw name="Get WebElements" library="SeleniumLibrary">
<doc>Returns a list of WebElement objects matching the ``locator``.</doc>
<arguments>
<arg>CSS=[ng-click="delOne(one)"]</arg>
</arguments>
<assign>
<var>${del_btns}</var>
</assign>
<msg timestamp="20200624 08:43:46.483" level="INFO">${del_btns} = [&lt;selenium.webdriver.remote.webelement.WebElement (session="edfd08b498c16eabf118e0cfbdd6c1bf", element="78cf1269-0835-4917-ac6c-9c4353896c44")&gt;]</msg>
<status status="PASS" starttime="20200624 08:43:45.970" endtime="20200624 08:43:46.483"></status>
</kw>
<kw name="Exit For Loop If" library="BuiltIn">
<doc>Stops executing the enclosing for loop if the ``condition`` is true.</doc>
<arguments>
<arg>$del_btns==[]</arg>
</arguments>
<status status="PASS" starttime="20200624 08:43:46.483" endtime="20200624 08:43:46.485"></status>
</kw>
<kw name="Click Element" library="SeleniumLibrary">
<doc>Click the element identified by ``locator``.</doc>
<arguments>
<arg>${del_btns[0]}</arg>
</arguments>
<msg timestamp="20200624 08:43:46.485" level="INFO">Clicking element '&lt;selenium.webdriver.remote.webelement.WebElement (session="edfd08b498c16eabf118e0cfbdd6c1bf", element="78cf1269-0835-4917-ac6c-9c4353896c44")&gt;'.</msg>
<status status="PASS" starttime="20200624 08:43:46.485" endtime="20200624 08:43:46.571"></status>
</kw>
<kw name="Click Element" library="SeleniumLibrary">
<doc>Click the element identified by ``locator``.</doc>
<arguments>
<arg>css=.btn-primary</arg>
</arguments>
<msg timestamp="20200624 08:43:46.572" level="INFO">Clicking element 'css=.btn-primary'.</msg>
<status status="PASS" starttime="20200624 08:43:46.572" endtime="20200624 08:43:46.843"></status>
</kw>
<kw name="Sleep" library="BuiltIn">
<doc>Pauses the test executed for the given time.</doc>
<arguments>
<arg>1</arg>
</arguments>
<msg timestamp="20200624 08:43:47.844" level="INFO">Slept 1 second</msg>
<status status="PASS" starttime="20200624 08:43:46.843" endtime="20200624 08:43:47.844"></status>
</kw>
<status status="PASS" starttime="20200624 08:43:45.969" endtime="20200624 08:43:47.844"></status>
</kw>
<kw name="${i} = 1" type="foritem">
<kw name="Get WebElements" library="SeleniumLibrary">
<doc>Returns a list of WebElement objects matching the ``locator``.</doc>
<arguments>
<arg>CSS=[ng-click="delOne(one)"]</arg>
</arguments>
<assign>
<var>${del_btns}</var>
</assign>
<msg timestamp="20200624 08:43:48.893" level="INFO">${del_btns} = []</msg>
<status status="PASS" starttime="20200624 08:43:47.844" endtime="20200624 08:43:48.893"></status>
</kw>
<kw name="Exit For Loop If" library="BuiltIn">
<doc>Stops executing the enclosing for loop if the ``condition`` is true.</doc>
<arguments>
<arg>$del_btns==[]</arg>
</arguments>
<msg timestamp="20200624 08:43:48.895" level="INFO">Exiting for loop altogether.</msg>
<status status="PASS" starttime="20200624 08:43:48.893" endtime="20200624 08:43:48.896"></status>
</kw>
<status status="PASS" starttime="20200624 08:43:47.844" endtime="20200624 08:43:48.896"></status>
</kw>
<status status="PASS" starttime="20200624 08:43:45.969" endtime="20200624 08:43:48.896"></status>
</kw>
<kw name="Set Selenium Implicit Wait" library="SeleniumLibrary">
<doc>Sets the implicit wait value used by Selenium.</doc>
<arguments>
<arg>10</arg>
</arguments>
<status status="PASS" starttime="20200624 08:43:48.896" endtime="20200624 08:43:48.897"></status>
</kw>
<status status="PASS" starttime="20200624 08:43:45.439" endtime="20200624 08:43:48.897"></status>
</kw>
<status status="PASS" starttime="20200624 08:43:39.599" endtime="20200624 08:43:48.898" critical="yes"></status>
</test>
<test id="s1-t2" name="添加课程2">
<kw name="deleteALLlesson" library="rc" type="setup">
<kw name="loginwebsite" library="rc">
<kw name="Go To" library="SeleniumLibrary">
<doc>Navigates the current browser window to the provided ``url``.</doc>
<arguments>
<arg>${MgrLogUrl}</arg>
</arguments>
<msg timestamp="20200624 08:43:48.902" level="INFO">Opening url 'http://localhost/mgr/login/login.html'</msg>
<status status="PASS" starttime="20200624 08:43:48.902" endtime="20200624 08:43:48.989"></status>
</kw>
<kw name="Input Text" library="SeleniumLibrary">
<doc>Types the given ``text`` into the text field identified by ``locator``.</doc>
<arguments>
<arg>id=username</arg>
<arg>&amp;{user1}[name]</arg>
</arguments>
<msg timestamp="20200624 08:43:48.990" level="INFO">Typing text 'auto' into text field 'id=username'.</msg>
<status status="PASS" starttime="20200624 08:43:48.989" endtime="20200624 08:43:49.111"></status>
</kw>
<kw name="Input Text" library="SeleniumLibrary">
<doc>Types the given ``text`` into the text field identified by ``locator``.</doc>
<arguments>
<arg>id=password</arg>
<arg>&amp;{user1}[pw]</arg>
</arguments>
<msg timestamp="20200624 08:43:49.112" level="INFO">Typing text 'sdfsdfsdf' into text field 'id=password'.</msg>
<status status="PASS" starttime="20200624 08:43:49.111" endtime="20200624 08:43:49.232"></status>
</kw>
<kw name="Click Element" library="SeleniumLibrary">
<doc>Click the element identified by ``locator``.</doc>
<arguments>
<arg>css=.btn-success</arg>
</arguments>
<msg timestamp="20200624 08:43:49.232" level="INFO">Clicking element 'css=.btn-success'.</msg>
<status status="PASS" starttime="20200624 08:43:49.232" endtime="20200624 08:43:49.290"></status>
</kw>
<status status="PASS" starttime="20200624 08:43:48.902" endtime="20200624 08:43:49.291"></status>
</kw>
<kw name="Set Selenium Implicit Wait" library="SeleniumLibrary">
<doc>Sets the implicit wait value used by Selenium.</doc>
<arguments>
<arg>1</arg>
</arguments>
<status status="PASS" starttime="20200624 08:43:49.291" endtime="20200624 08:43:49.292"></status>
</kw>
<kw name="${i} IN RANGE [ 9999 ]" type="for">
<kw name="${i} = 0" type="foritem">
<kw name="Get WebElements" library="SeleniumLibrary">
<doc>Returns a list of WebElement objects matching the ``locator``.</doc>
<arguments>
<arg>CSS=[ng-click="delOne(one)"]</arg>
</arguments>
<assign>
<var>${del_btns}</var>
</assign>
<msg timestamp="20200624 08:43:50.328" level="INFO">${del_btns} = []</msg>
<status status="PASS" starttime="20200624 08:43:49.293" endtime="20200624 08:43:50.328"></status>
</kw>
<kw name="Exit For Loop If" library="BuiltIn">
<doc>Stops executing the enclosing for loop if the ``condition`` is true.</doc>
<arguments>
<arg>$del_btns==[]</arg>
</arguments>
<msg timestamp="20200624 08:43:50.329" level="INFO">Exiting for loop altogether.</msg>
<status status="PASS" starttime="20200624 08:43:50.328" endtime="20200624 08:43:50.329"></status>
</kw>
<status status="PASS" starttime="20200624 08:43:49.293" endtime="20200624 08:43:50.329"></status>
</kw>
<status status="PASS" starttime="20200624 08:43:49.292" endtime="20200624 08:43:50.329"></status>
</kw>
<kw name="Set Selenium Implicit Wait" library="SeleniumLibrary">
<doc>Sets the implicit wait value used by Selenium.</doc>
<arguments>
<arg>10</arg>
</arguments>
<status status="PASS" starttime="20200624 08:43:50.329" endtime="20200624 08:43:50.331"></status>
</kw>
<status status="PASS" starttime="20200624 08:43:48.901" endtime="20200624 08:43:50.331"></status>
</kw>
<kw name="loginwebsite" library="rc">
<kw name="Go To" library="SeleniumLibrary">
<doc>Navigates the current browser window to the provided ``url``.</doc>
<arguments>
<arg>${MgrLogUrl}</arg>
</arguments>
<msg timestamp="20200624 08:43:50.332" level="INFO">Opening url 'http://localhost/mgr/login/login.html'</msg>
<status status="PASS" starttime="20200624 08:43:50.332" endtime="20200624 08:43:50.410"></status>
</kw>
<kw name="Input Text" library="SeleniumLibrary">
<doc>Types the given ``text`` into the text field identified by ``locator``.</doc>
<arguments>
<arg>id=username</arg>
<arg>&amp;{user1}[name]</arg>
</arguments>
<msg timestamp="20200624 08:43:50.411" level="INFO">Typing text 'auto' into text field 'id=username'.</msg>
<status status="PASS" starttime="20200624 08:43:50.410" endtime="20200624 08:43:50.522"></status>
</kw>
<kw name="Input Text" library="SeleniumLibrary">
<doc>Types the given ``text`` into the text field identified by ``locator``.</doc>
<arguments>
<arg>id=password</arg>
<arg>&amp;{user1}[pw]</arg>
</arguments>
<msg timestamp="20200624 08:43:50.523" level="INFO">Typing text 'sdfsdfsdf' into text field 'id=password'.</msg>
<status status="PASS" starttime="20200624 08:43:50.523" endtime="20200624 08:43:50.639"></status>
</kw>
<kw name="Click Element" library="SeleniumLibrary">
<doc>Click the element identified by ``locator``.</doc>
<arguments>
<arg>css=.btn-success</arg>
</arguments>
<msg timestamp="20200624 08:43:50.639" level="INFO">Clicking element 'css=.btn-success'.</msg>
<status status="PASS" starttime="20200624 08:43:50.639" endtime="20200624 08:43:50.706"></status>
</kw>
<status status="PASS" starttime="20200624 08:43:50.331" endtime="20200624 08:43:50.706"></status>
</kw>
<kw name="addCourse" library="rc">
<arguments>
<arg>selenium</arg>
<arg>webUI</arg>
<arg>2</arg>
</arguments>
<kw name="Click Element" library="SeleniumLibrary">
<doc>Click the element identified by ``locator``.</doc>
<arguments>
<arg>css=[ng-click="showAddOne=true"</arg>
</arguments>
<msg timestamp="20200624 08:43:50.707" level="INFO">Clicking element 'css=[ng-click="showAddOne=true"'.</msg>
<status status="PASS" starttime="20200624 08:43:50.707" endtime="20200624 08:43:51.044"></status>
</kw>
<kw name="Input Text" library="SeleniumLibrary">
<doc>Types the given ``text`` into the text field identified by ``locator``.</doc>
<arguments>
<arg>css=[ng-model="addData.name"]</arg>
<arg>${name}</arg>
</arguments>
<msg timestamp="20200624 08:43:51.044" level="INFO">Typing text 'selenium' into text field 'css=[ng-model="addData.name"]'.</msg>
<status status="PASS" starttime="20200624 08:43:51.044" endtime="20200624 08:43:51.173"></status>
</kw>
<kw name="Input Text" library="SeleniumLibrary">
<doc>Types the given ``text`` into the text field identified by ``locator``.</doc>
<arguments>
<arg>css=[ng-model="addData.desc"]</arg>
<arg>${desc}</arg>
</arguments>
<msg timestamp="20200624 08:43:51.173" level="INFO">Typing text 'webUI' into text field 'css=[ng-model="addData.desc"]'.</msg>
<status status="PASS" starttime="20200624 08:43:51.173" endtime="20200624 08:43:51.301"></status>
</kw>
<kw name="Input Text" library="SeleniumLibrary">
<doc>Types the given ``text`` into the text field identified by ``locator``.</doc>
<arguments>
<arg>css=input[ng-model="addData.display_idx"]</arg>
<arg>${idx}</arg>
</arguments>
<msg timestamp="20200624 08:43:51.302" level="INFO">Typing text '2' into text field 'css=input[ng-model="addData.display_idx"]'.</msg>
<status status="PASS" starttime="20200624 08:43:51.301" endtime="20200624 08:43:51.401"></status>
</kw>
<kw name="Click Element" library="SeleniumLibrary">
<doc>Click the element identified by ``locator``.</doc>
<arguments>
<arg>css=[ng-click="addOne()"]</arg>
</arguments>
<msg timestamp="20200624 08:43:51.402" level="INFO">Clicking element 'css=[ng-click="addOne()"]'.</msg>
<status status="PASS" starttime="20200624 08:43:51.401" endtime="20200624 08:43:51.475"></status>
</kw>
<status status="PASS" starttime="20200624 08:43:50.707" endtime="20200624 08:43:51.476"></status>
</kw>
<kw name="checkCourse" library="rc">
<arguments>
<arg>selenium</arg>
</arguments>
<kw name="Get Text" library="SeleniumLibrary">
<doc>Returns the text value of the element identified by ``locator``.</doc>
<arguments>
<arg>css=tbody td:nth-child(2)</arg>
</arguments>
<assign>
<var>${course}</var>
</assign>
<msg timestamp="20200624 08:43:51.627" level="INFO">${course} = selenium</msg>
<status status="PASS" starttime="20200624 08:43:51.477" endtime="20200624 08:43:51.627"></status>
</kw>
<kw name="Should Be True" library="BuiltIn">
<doc>Fails if the given condition is not true.</doc>
<arguments>
<arg>$course== $expect</arg>
</arguments>
<status status="PASS" starttime="20200624 08:43:51.627" endtime="20200624 08:43:51.629"></status>
</kw>
<status status="PASS" starttime="20200624 08:43:51.476" endtime="20200624 08:43:51.629"></status>
</kw>
<kw name="deleteALLlesson" library="rc" type="teardown">
<kw name="loginwebsite" library="rc">
<kw name="Go To" library="SeleniumLibrary">
<doc>Navigates the current browser window to the provided ``url``.</doc>
<arguments>
<arg>${MgrLogUrl}</arg>
</arguments>
<msg timestamp="20200624 08:43:51.632" level="INFO">Opening url 'http://localhost/mgr/login/login.html'</msg>
<status status="PASS" starttime="20200624 08:43:51.632" endtime="20200624 08:43:51.704"></status>
</kw>
<kw name="Input Text" library="SeleniumLibrary">
<doc>Types the given ``text`` into the text field identified by ``locator``.</doc>
<arguments>
<arg>id=username</arg>
<arg>&amp;{user1}[name]</arg>
</arguments>
<msg timestamp="20200624 08:43:51.704" level="INFO">Typing text 'auto' into text field 'id=username'.</msg>
<status status="PASS" starttime="20200624 08:43:51.704" endtime="20200624 08:43:51.821"></status>
</kw>
<kw name="Input Text" library="SeleniumLibrary">
<doc>Types the given ``text`` into the text field identified by ``locator``.</doc>
<arguments>
<arg>id=password</arg>
<arg>&amp;{user1}[pw]</arg>
</arguments>
<msg timestamp="20200624 08:43:51.821" level="INFO">Typing text 'sdfsdfsdf' into text field 'id=password'.</msg>
<status status="PASS" starttime="20200624 08:43:51.821" endtime="20200624 08:43:51.939"></status>
</kw>
<kw name="Click Element" library="SeleniumLibrary">
<doc>Click the element identified by ``locator``.</doc>
<arguments>
<arg>css=.btn-success</arg>
</arguments>
<msg timestamp="20200624 08:43:51.940" level="INFO">Clicking element 'css=.btn-success'.</msg>
<status status="PASS" starttime="20200624 08:43:51.939" endtime="20200624 08:43:52.005"></status>
</kw>
<status status="PASS" starttime="20200624 08:43:51.631" endtime="20200624 08:43:52.006"></status>
</kw>
<kw name="Set Selenium Implicit Wait" library="SeleniumLibrary">
<doc>Sets the implicit wait value used by Selenium.</doc>
<arguments>
<arg>1</arg>
</arguments>
<status status="PASS" starttime="20200624 08:43:52.006" endtime="20200624 08:43:52.007"></status>
</kw>
<kw name="${i} IN RANGE [ 9999 ]" type="for">
<kw name="${i} = 0" type="foritem">
<kw name="Get WebElements" library="SeleniumLibrary">
<doc>Returns a list of WebElement objects matching the ``locator``.</doc>
<arguments>
<arg>CSS=[ng-click="delOne(one)"]</arg>
</arguments>
<assign>
<var>${del_btns}</var>
</assign>
<msg timestamp="20200624 08:43:52.378" level="INFO">${del_btns} = [&lt;selenium.webdriver.remote.webelement.WebElement (session="edfd08b498c16eabf118e0cfbdd6c1bf", element="c9143b71-6913-43ef-bdfb-2d657f2f861b")&gt;]</msg>
<status status="PASS" starttime="20200624 08:43:52.008" endtime="20200624 08:43:52.378"></status>
</kw>
<kw name="Exit For Loop If" library="BuiltIn">
<doc>Stops executing the enclosing for loop if the ``condition`` is true.</doc>
<arguments>
<arg>$del_btns==[]</arg>
</arguments>
<status status="PASS" starttime="20200624 08:43:52.378" endtime="20200624 08:43:52.380"></status>
</kw>
<kw name="Click Element" library="SeleniumLibrary">
<doc>Click the element identified by ``locator``.</doc>
<arguments>
<arg>${del_btns[0]}</arg>
</arguments>
<msg timestamp="20200624 08:43:52.381" level="INFO">Clicking element '&lt;selenium.webdriver.remote.webelement.WebElement (session="edfd08b498c16eabf118e0cfbdd6c1bf", element="c9143b71-6913-43ef-bdfb-2d657f2f861b")&gt;'.</msg>
<status status="PASS" starttime="20200624 08:43:52.381" endtime="20200624 08:43:52.456"></status>
</kw>
<kw name="Click Element" library="SeleniumLibrary">
<doc>Click the element identified by ``locator``.</doc>
<arguments>
<arg>css=.btn-primary</arg>
</arguments>
<msg timestamp="20200624 08:43:52.457" level="INFO">Clicking element 'css=.btn-primary'.</msg>
<status status="PASS" starttime="20200624 08:43:52.456" endtime="20200624 08:43:52.707"></status>
</kw>
<kw name="Sleep" library="BuiltIn">
<doc>Pauses the test executed for the given time.</doc>
<arguments>
<arg>1</arg>
</arguments>
<msg timestamp="20200624 08:43:53.708" level="INFO">Slept 1 second</msg>
<status status="PASS" starttime="20200624 08:43:52.707" endtime="20200624 08:43:53.708"></status>
</kw>
<status status="PASS" starttime="20200624 08:43:52.007" endtime="20200624 08:43:53.708"></status>
</kw>
<kw name="${i} = 1" type="foritem">
<kw name="Get WebElements" library="SeleniumLibrary">
<doc>Returns a list of WebElement objects matching the ``locator``.</doc>
<arguments>
<arg>CSS=[ng-click="delOne(one)"]</arg>
</arguments>
<assign>
<var>${del_btns}</var>
</assign>
<msg timestamp="20200624 08:43:54.760" level="INFO">${del_btns} = []</msg>
<status status="PASS" starttime="20200624 08:43:53.708" endtime="20200624 08:43:54.760"></status>
</kw>
<kw name="Exit For Loop If" library="BuiltIn">
<doc>Stops executing the enclosing for loop if the ``condition`` is true.</doc>
<arguments>
<arg>$del_btns==[]</arg>
</arguments>
<msg timestamp="20200624 08:43:54.761" level="INFO">Exiting for loop altogether.</msg>
<status status="PASS" starttime="20200624 08:43:54.760" endtime="20200624 08:43:54.761"></status>
</kw>
<status status="PASS" starttime="20200624 08:43:53.708" endtime="20200624 08:43:54.762"></status>
</kw>
<status status="PASS" starttime="20200624 08:43:52.007" endtime="20200624 08:43:54.762"></status>
</kw>
<kw name="Set Selenium Implicit Wait" library="SeleniumLibrary">
<doc>Sets the implicit wait value used by Selenium.</doc>
<arguments>
<arg>10</arg>
</arguments>
<status status="PASS" starttime="20200624 08:43:54.762" endtime="20200624 08:43:54.763"></status>
</kw>
<status status="PASS" starttime="20200624 08:43:51.630" endtime="20200624 08:43:54.764"></status>
</kw>
<status status="PASS" starttime="20200624 08:43:48.900" endtime="20200624 08:43:54.764" critical="yes"></status>
</test>
<kw name="teardownwebtest" library="rc" type="teardown">
<kw name="Close Browser" library="SeleniumLibrary">
<doc>Closes the current browser.</doc>
<status status="PASS" starttime="20200624 08:43:54.767" endtime="20200624 08:43:56.955"></status>
</kw>
<kw name="Log To Console" library="BuiltIn">
<doc>Logs the given message to the console.</doc>
<arguments>
<arg>关闭浏览器</arg>
</arguments>
<status status="PASS" starttime="20200624 08:43:56.955" endtime="20200624 08:43:56.956"></status>
</kw>
<status status="PASS" starttime="20200624 08:43:54.766" endtime="20200624 08:43:56.956"></status>
</kw>
<status status="PASS" starttime="20200624 08:43:34.789" endtime="20200624 08:43:56.956"></status>
</suite>
<statistics>
<total>
<stat pass="2" fail="0">Critical Tests</stat>
<stat pass="2" fail="0">All Tests</stat>
</total>
<tag>
</tag>
<suite>
<stat pass="2" fail="0" id="s1" name="Coursewk">Coursewk</stat>
</suite>
</statistics>
<errors>
</errors>
</robot>
